{"/Users/mertcanatan/Developer/react-datasheet/src/Cell.tsx": {"path":"/Users/mertcanatan/Developer/react-datasheet/src/Cell.tsx","all":false,"statementMap":{"0":{"start":{"line":1,"column":0},"end":{"line":1,"column":36}},"1":{"start":{"line":2,"column":0},"end":{"line":2,"column":40}},"2":{"start":{"line":3,"column":0},"end":{"line":3,"column":0}},"3":{"start":{"line":4,"column":0},"end":{"line":4,"column":47}},"4":{"start":{"line":5,"column":0},"end":{"line":5,"column":21}},"5":{"start":{"line":6,"column":0},"end":{"line":6,"column":14}},"6":{"start":{"line":7,"column":0},"end":{"line":7,"column":14}},"7":{"start":{"line":8,"column":0},"end":{"line":8,"column":39}},"8":{"start":{"line":9,"column":0},"end":{"line":9,"column":21}},"9":{"start":{"line":10,"column":0},"end":{"line":10,"column":20}},"10":{"start":{"line":11,"column":0},"end":{"line":11,"column":20}},"11":{"start":{"line":12,"column":0},"end":{"line":12,"column":24}},"12":{"start":{"line":13,"column":0},"end":{"line":13,"column":20}},"13":{"start":{"line":14,"column":0},"end":{"line":14,"column":16}},"14":{"start":{"line":15,"column":0},"end":{"line":15,"column":16}},"15":{"start":{"line":16,"column":0},"end":{"line":16,"column":72}},"16":{"start":{"line":17,"column":0},"end":{"line":17,"column":21}},"17":{"start":{"line":18,"column":0},"end":{"line":18,"column":64}},"18":{"start":{"line":19,"column":0},"end":{"line":19,"column":16}},"19":{"start":{"line":20,"column":0},"end":{"line":20,"column":16}},"20":{"start":{"line":21,"column":0},"end":{"line":21,"column":16}},"21":{"start":{"line":22,"column":0},"end":{"line":22,"column":46}},"22":{"start":{"line":23,"column":0},"end":{"line":23,"column":30}},"23":{"start":{"line":24,"column":0},"end":{"line":24,"column":16}},"24":{"start":{"line":25,"column":0},"end":{"line":25,"column":16}},"25":{"start":{"line":26,"column":0},"end":{"line":26,"column":16}},"26":{"start":{"line":27,"column":0},"end":{"line":27,"column":47}},"27":{"start":{"line":28,"column":0},"end":{"line":28,"column":55}},"28":{"start":{"line":29,"column":0},"end":{"line":29,"column":18}},"29":{"start":{"line":30,"column":0},"end":{"line":30,"column":16}},"30":{"start":{"line":31,"column":0},"end":{"line":31,"column":16}},"31":{"start":{"line":32,"column":0},"end":{"line":32,"column":47}},"32":{"start":{"line":33,"column":0},"end":{"line":33,"column":55}},"33":{"start":{"line":34,"column":0},"end":{"line":34,"column":18}},"34":{"start":{"line":35,"column":0},"end":{"line":35,"column":46}},"35":{"start":{"line":36,"column":0},"end":{"line":36,"column":16}},"36":{"start":{"line":37,"column":0},"end":{"line":37,"column":16}},"37":{"start":{"line":38,"column":0},"end":{"line":38,"column":47}},"38":{"start":{"line":39,"column":0},"end":{"line":39,"column":65}},"39":{"start":{"line":40,"column":0},"end":{"line":40,"column":92}},"40":{"start":{"line":41,"column":0},"end":{"line":41,"column":1}},"41":{"start":{"line":42,"column":0},"end":{"line":42,"column":0}},"42":{"start":{"line":43,"column":0},"end":{"line":43,"column":45}},"43":{"start":{"line":44,"column":0},"end":{"line":44,"column":49}},"44":{"start":{"line":45,"column":0},"end":{"line":45,"column":9}},"45":{"start":{"line":46,"column":0},"end":{"line":46,"column":9}},"46":{"start":{"line":47,"column":0},"end":{"line":47,"column":8}},"47":{"start":{"line":48,"column":0},"end":{"line":48,"column":8}},"48":{"start":{"line":49,"column":0},"end":{"line":49,"column":36}},"49":{"start":{"line":50,"column":0},"end":{"line":50,"column":14}},"50":{"start":{"line":51,"column":0},"end":{"line":51,"column":10}},"51":{"start":{"line":52,"column":0},"end":{"line":52,"column":21}},"52":{"start":{"line":53,"column":0},"end":{"line":53,"column":20}},"53":{"start":{"line":54,"column":0},"end":{"line":54,"column":20}},"54":{"start":{"line":55,"column":0},"end":{"line":55,"column":16}},"55":{"start":{"line":56,"column":0},"end":{"line":56,"column":16}},"56":{"start":{"line":57,"column":0},"end":{"line":57,"column":18}},"57":{"start":{"line":58,"column":0},"end":{"line":58,"column":18}},"58":{"start":{"line":59,"column":0},"end":{"line":59,"column":13}},"59":{"start":{"line":60,"column":0},"end":{"line":60,"column":12}},"60":{"start":{"line":61,"column":0},"end":{"line":61,"column":12}},"61":{"start":{"line":62,"column":0},"end":{"line":62,"column":0}},"62":{"start":{"line":63,"column":0},"end":{"line":63,"column":36}},"63":{"start":{"line":64,"column":0},"end":{"line":64,"column":62}},"64":{"start":{"line":65,"column":0},"end":{"line":65,"column":0}},"65":{"start":{"line":66,"column":0},"end":{"line":66,"column":46}},"66":{"start":{"line":67,"column":0},"end":{"line":67,"column":74}},"67":{"start":{"line":68,"column":0},"end":{"line":68,"column":29}},"68":{"start":{"line":69,"column":0},"end":{"line":69,"column":4}},"69":{"start":{"line":70,"column":0},"end":{"line":70,"column":0}},"70":{"start":{"line":71,"column":0},"end":{"line":71,"column":74}},"71":{"start":{"line":72,"column":0},"end":{"line":72,"column":29}},"72":{"start":{"line":73,"column":0},"end":{"line":73,"column":4}},"73":{"start":{"line":74,"column":0},"end":{"line":74,"column":0}},"74":{"start":{"line":75,"column":0},"end":{"line":75,"column":76}},"75":{"start":{"line":76,"column":0},"end":{"line":76,"column":31}},"76":{"start":{"line":77,"column":0},"end":{"line":77,"column":4}},"77":{"start":{"line":78,"column":0},"end":{"line":78,"column":0}},"78":{"start":{"line":79,"column":0},"end":{"line":79,"column":73}},"79":{"start":{"line":80,"column":0},"end":{"line":80,"column":59}},"80":{"start":{"line":81,"column":0},"end":{"line":81,"column":71}},"81":{"start":{"line":82,"column":0},"end":{"line":82,"column":84}},"82":{"start":{"line":83,"column":0},"end":{"line":83,"column":28}},"83":{"start":{"line":84,"column":0},"end":{"line":84,"column":4}},"84":{"start":{"line":85,"column":0},"end":{"line":85,"column":0}},"85":{"start":{"line":86,"column":0},"end":{"line":86,"column":76}},"86":{"start":{"line":87,"column":0},"end":{"line":87,"column":55}},"87":{"start":{"line":88,"column":0},"end":{"line":88,"column":31}},"88":{"start":{"line":89,"column":0},"end":{"line":89,"column":4}},"89":{"start":{"line":90,"column":0},"end":{"line":90,"column":0}},"90":{"start":{"line":91,"column":0},"end":{"line":91,"column":73}},"91":{"start":{"line":92,"column":0},"end":{"line":92,"column":18}},"92":{"start":{"line":93,"column":0},"end":{"line":93,"column":17}},"93":{"start":{"line":94,"column":0},"end":{"line":94,"column":5}},"94":{"start":{"line":95,"column":0},"end":{"line":95,"column":4}},"95":{"start":{"line":96,"column":0},"end":{"line":96,"column":0}},"96":{"start":{"line":97,"column":0},"end":{"line":97,"column":10}},"97":{"start":{"line":98,"column":0},"end":{"line":98,"column":7}},"98":{"start":{"line":99,"column":0},"end":{"line":99,"column":27}},"99":{"start":{"line":100,"column":0},"end":{"line":100,"column":58}},"100":{"start":{"line":101,"column":0},"end":{"line":101,"column":58}},"101":{"start":{"line":102,"column":0},"end":{"line":102,"column":62}},"102":{"start":{"line":103,"column":0},"end":{"line":103,"column":56}},"103":{"start":{"line":104,"column":0},"end":{"line":104,"column":62}},"104":{"start":{"line":105,"column":0},"end":{"line":105,"column":49}},"105":{"start":{"line":106,"column":0},"end":{"line":106,"column":23}},"106":{"start":{"line":107,"column":0},"end":{"line":107,"column":23}},"107":{"start":{"line":108,"column":0},"end":{"line":108,"column":19}},"108":{"start":{"line":109,"column":0},"end":{"line":109,"column":21}},"109":{"start":{"line":110,"column":0},"end":{"line":110,"column":5}},"110":{"start":{"line":111,"column":0},"end":{"line":111,"column":16}},"111":{"start":{"line":112,"column":0},"end":{"line":112,"column":9}},"112":{"start":{"line":113,"column":0},"end":{"line":113,"column":4}},"113":{"start":{"line":114,"column":0},"end":{"line":114,"column":3}},"114":{"start":{"line":115,"column":0},"end":{"line":115,"column":0}},"115":{"start":{"line":116,"column":0},"end":{"line":116,"column":55}},"116":{"start":{"line":117,"column":0},"end":{"line":117,"column":28}},"117":{"start":{"line":118,"column":0},"end":{"line":118,"column":0}},"118":{"start":{"line":119,"column":0},"end":{"line":119,"column":26}},"119":{"start":{"line":120,"column":0},"end":{"line":120,"column":0}},"120":{"start":{"line":121,"column":0},"end":{"line":121,"column":20}}},"s":{"0":1,"1":1,"2":1,"3":1,"4":1,"5":1,"6":1,"7":1,"8":1,"9":1,"10":1,"11":1,"12":1,"13":1,"14":1,"15":1,"16":1,"17":1,"18":1,"19":1,"20":1,"21":1,"22":1,"23":1,"24":1,"25":1,"26":1,"27":1,"28":1,"29":1,"30":1,"31":1,"32":1,"33":1,"34":1,"35":1,"36":1,"37":1,"38":1,"39":1,"40":1,"41":1,"42":1,"43":1,"44":176,"45":176,"46":176,"47":176,"48":176,"49":176,"50":176,"51":176,"52":176,"53":176,"54":176,"55":176,"56":176,"57":176,"58":176,"59":176,"60":176,"61":176,"62":176,"63":176,"64":176,"65":176,"66":176,"67":21,"68":176,"69":176,"70":176,"71":13,"72":176,"73":176,"74":176,"75":11,"76":176,"77":176,"78":176,"79":0,"80":0,"81":0,"82":0,"83":176,"84":176,"85":176,"86":3,"87":3,"88":176,"89":176,"90":176,"91":1,"92":1,"93":1,"94":176,"95":176,"96":176,"97":176,"98":176,"99":176,"100":176,"101":176,"102":176,"103":176,"104":176,"105":176,"106":176,"107":176,"108":176,"109":176,"110":176,"111":176,"112":176,"113":1,"114":1,"115":1,"116":1,"117":1,"118":1,"119":1,"120":1},"branchMap":{"0":{"type":"branch","line":44,"loc":{"start":{"line":44,"column":39},"end":{"line":114,"column":2}},"locations":[{"start":{"line":44,"column":39},"end":{"line":114,"column":2}}]},"1":{"type":"branch","line":49,"loc":{"start":{"line":49,"column":22},"end":{"line":49,"column":32}},"locations":[{"start":{"line":49,"column":22},"end":{"line":49,"column":32}}]},"2":{"type":"branch","line":49,"loc":{"start":{"line":49,"column":35},"end":{"line":49,"column":36}},"locations":[{"start":{"line":49,"column":35},"end":{"line":49,"column":36}}]},"3":{"type":"branch","line":52,"loc":{"start":{"line":52,"column":12},"end":{"line":52,"column":20}},"locations":[{"start":{"line":52,"column":12},"end":{"line":52,"column":20}}]},"4":{"type":"branch","line":53,"loc":{"start":{"line":53,"column":11},"end":{"line":53,"column":19}},"locations":[{"start":{"line":53,"column":11},"end":{"line":53,"column":19}}]},"5":{"type":"branch","line":54,"loc":{"start":{"line":54,"column":11},"end":{"line":54,"column":19}},"locations":[{"start":{"line":54,"column":11},"end":{"line":54,"column":19}}]},"6":{"type":"branch","line":64,"loc":{"start":{"line":64,"column":55},"end":{"line":64,"column":61}},"locations":[{"start":{"line":64,"column":55},"end":{"line":64,"column":61}}]},"7":{"type":"branch","line":49,"loc":{"start":{"line":49,"column":25},"end":{"line":49,"column":32}},"locations":[{"start":{"line":49,"column":25},"end":{"line":49,"column":32}}]},"8":{"type":"branch","line":67,"loc":{"start":{"line":67,"column":26},"end":{"line":69,"column":3}},"locations":[{"start":{"line":67,"column":26},"end":{"line":69,"column":3}}]},"9":{"type":"branch","line":71,"loc":{"start":{"line":71,"column":26},"end":{"line":73,"column":3}},"locations":[{"start":{"line":71,"column":26},"end":{"line":73,"column":3}}]},"10":{"type":"branch","line":75,"loc":{"start":{"line":75,"column":28},"end":{"line":77,"column":3}},"locations":[{"start":{"line":75,"column":28},"end":{"line":77,"column":3}}]},"11":{"type":"branch","line":86,"loc":{"start":{"line":86,"column":28},"end":{"line":89,"column":3}},"locations":[{"start":{"line":86,"column":28},"end":{"line":89,"column":3}}]},"12":{"type":"branch","line":91,"loc":{"start":{"line":91,"column":22},"end":{"line":95,"column":3}},"locations":[{"start":{"line":91,"column":22},"end":{"line":95,"column":3}}]}},"b":{"0":[176],"1":[172],"2":[4],"3":[0],"4":[0],"5":[0],"6":[0],"7":[172],"8":[21],"9":[13],"10":[11],"11":[3],"12":[1]},"fnMap":{"0":{"name":"attributesRenderer","decl":{"start":{"line":49,"column":25},"end":{"line":49,"column":32}},"loc":{"start":{"line":49,"column":25},"end":{"line":49,"column":32}},"line":49},"1":{"name":"handleMouseDown","decl":{"start":{"line":67,"column":26},"end":{"line":69,"column":3}},"loc":{"start":{"line":67,"column":26},"end":{"line":69,"column":3}},"line":67},"2":{"name":"handleMouseOver","decl":{"start":{"line":71,"column":26},"end":{"line":73,"column":3}},"loc":{"start":{"line":71,"column":26},"end":{"line":73,"column":3}},"line":71},"3":{"name":"handleDoubleClick","decl":{"start":{"line":75,"column":28},"end":{"line":77,"column":3}},"loc":{"start":{"line":75,"column":28},"end":{"line":77,"column":3}},"line":75},"4":{"name":"handleTouchEnd","decl":{"start":{"line":79,"column":25},"end":{"line":84,"column":3}},"loc":{"start":{"line":79,"column":25},"end":{"line":84,"column":3}},"line":79},"5":{"name":"handleContextMenu","decl":{"start":{"line":86,"column":28},"end":{"line":89,"column":3}},"loc":{"start":{"line":86,"column":28},"end":{"line":89,"column":3}},"line":86},"6":{"name":"handleKeyUp","decl":{"start":{"line":91,"column":22},"end":{"line":95,"column":3}},"loc":{"start":{"line":91,"column":22},"end":{"line":95,"column":3}},"line":91}},"f":{"0":172,"1":21,"2":13,"3":11,"4":0,"5":3,"6":1}}
,"/Users/mertcanatan/Developer/react-datasheet/src/DataCell.tsx": {"path":"/Users/mertcanatan/Developer/react-datasheet/src/DataCell.tsx","all":false,"statementMap":{"0":{"start":{"line":1,"column":0},"end":{"line":1,"column":65}},"1":{"start":{"line":2,"column":0},"end":{"line":2,"column":0}},"2":{"start":{"line":3,"column":0},"end":{"line":3,"column":8}},"3":{"start":{"line":4,"column":0},"end":{"line":4,"column":11}},"4":{"start":{"line":5,"column":0},"end":{"line":5,"column":12}},"5":{"start":{"line":6,"column":0},"end":{"line":6,"column":13}},"6":{"start":{"line":7,"column":0},"end":{"line":7,"column":11}},"7":{"start":{"line":8,"column":0},"end":{"line":8,"column":12}},"8":{"start":{"line":9,"column":0},"end":{"line":9,"column":10}},"9":{"start":{"line":10,"column":0},"end":{"line":10,"column":9}},"10":{"start":{"line":11,"column":0},"end":{"line":11,"column":16}},"11":{"start":{"line":12,"column":0},"end":{"line":12,"column":0}},"12":{"start":{"line":13,"column":0},"end":{"line":13,"column":26}},"13":{"start":{"line":14,"column":0},"end":{"line":14,"column":40}},"14":{"start":{"line":15,"column":0},"end":{"line":15,"column":38}},"15":{"start":{"line":16,"column":0},"end":{"line":16,"column":40}},"16":{"start":{"line":17,"column":0},"end":{"line":17,"column":58}},"17":{"start":{"line":18,"column":0},"end":{"line":18,"column":0}},"18":{"start":{"line":19,"column":0},"end":{"line":19,"column":25}},"19":{"start":{"line":20,"column":0},"end":{"line":20,"column":18}},"20":{"start":{"line":21,"column":0},"end":{"line":21,"column":14}},"21":{"start":{"line":22,"column":0},"end":{"line":22,"column":14}},"22":{"start":{"line":23,"column":0},"end":{"line":23,"column":48}},"23":{"start":{"line":24,"column":0},"end":{"line":24,"column":47}},"24":{"start":{"line":25,"column":0},"end":{"line":25,"column":2}},"25":{"start":{"line":26,"column":0},"end":{"line":26,"column":0}},"26":{"start":{"line":27,"column":0},"end":{"line":27,"column":26}},"27":{"start":{"line":28,"column":0},"end":{"line":28,"column":18}},"28":{"start":{"line":29,"column":0},"end":{"line":29,"column":14}},"29":{"start":{"line":30,"column":0},"end":{"line":30,"column":14}},"30":{"start":{"line":31,"column":0},"end":{"line":31,"column":80}},"31":{"start":{"line":32,"column":0},"end":{"line":32,"column":2}},"32":{"start":{"line":33,"column":0},"end":{"line":33,"column":0}},"33":{"start":{"line":34,"column":0},"end":{"line":34,"column":22}},"34":{"start":{"line":35,"column":0},"end":{"line":35,"column":7}},"35":{"start":{"line":36,"column":0},"end":{"line":36,"column":6}},"36":{"start":{"line":37,"column":0},"end":{"line":37,"column":6}},"37":{"start":{"line":38,"column":0},"end":{"line":38,"column":16}},"38":{"start":{"line":39,"column":0},"end":{"line":39,"column":15}},"39":{"start":{"line":40,"column":0},"end":{"line":40,"column":27}},"40":{"start":{"line":41,"column":0},"end":{"line":41,"column":65}},"41":{"start":{"line":42,"column":0},"end":{"line":42,"column":1}},"42":{"start":{"line":43,"column":0},"end":{"line":43,"column":0}},"43":{"start":{"line":44,"column":0},"end":{"line":44,"column":23}},"44":{"start":{"line":45,"column":0},"end":{"line":45,"column":7}},"45":{"start":{"line":46,"column":0},"end":{"line":46,"column":6}},"46":{"start":{"line":47,"column":0},"end":{"line":47,"column":6}},"47":{"start":{"line":48,"column":0},"end":{"line":48,"column":16}},"48":{"start":{"line":49,"column":0},"end":{"line":49,"column":40}},"49":{"start":{"line":50,"column":0},"end":{"line":50,"column":52}},"50":{"start":{"line":51,"column":0},"end":{"line":51,"column":1}},"51":{"start":{"line":52,"column":0},"end":{"line":52,"column":0}},"52":{"start":{"line":53,"column":0},"end":{"line":53,"column":71}},"53":{"start":{"line":54,"column":0},"end":{"line":54,"column":80}},"54":{"start":{"line":55,"column":0},"end":{"line":55,"column":39}},"55":{"start":{"line":56,"column":0},"end":{"line":56,"column":1}},"56":{"start":{"line":57,"column":0},"end":{"line":57,"column":0}},"57":{"start":{"line":58,"column":0},"end":{"line":58,"column":32}},"58":{"start":{"line":59,"column":0},"end":{"line":59,"column":14}},"59":{"start":{"line":60,"column":0},"end":{"line":60,"column":14}},"60":{"start":{"line":61,"column":0},"end":{"line":61,"column":18}},"61":{"start":{"line":62,"column":0},"end":{"line":62,"column":22}},"62":{"start":{"line":63,"column":0},"end":{"line":63,"column":21}},"63":{"start":{"line":64,"column":0},"end":{"line":64,"column":20}},"64":{"start":{"line":65,"column":0},"end":{"line":65,"column":21}},"65":{"start":{"line":66,"column":0},"end":{"line":66,"column":42}},"66":{"start":{"line":67,"column":0},"end":{"line":67,"column":80}},"67":{"start":{"line":68,"column":0},"end":{"line":68,"column":18}},"68":{"start":{"line":69,"column":0},"end":{"line":69,"column":20}},"69":{"start":{"line":70,"column":0},"end":{"line":70,"column":16}},"70":{"start":{"line":71,"column":0},"end":{"line":71,"column":16}},"71":{"start":{"line":72,"column":0},"end":{"line":72,"column":52}},"72":{"start":{"line":73,"column":0},"end":{"line":73,"column":37}},"73":{"start":{"line":74,"column":0},"end":{"line":74,"column":27}},"74":{"start":{"line":75,"column":0},"end":{"line":75,"column":16}},"75":{"start":{"line":76,"column":0},"end":{"line":76,"column":16}},"76":{"start":{"line":77,"column":0},"end":{"line":77,"column":20}},"77":{"start":{"line":78,"column":0},"end":{"line":78,"column":5}},"78":{"start":{"line":79,"column":0},"end":{"line":79,"column":40}},"79":{"start":{"line":80,"column":0},"end":{"line":80,"column":24}},"80":{"start":{"line":81,"column":0},"end":{"line":81,"column":20}},"81":{"start":{"line":82,"column":0},"end":{"line":82,"column":16}},"82":{"start":{"line":83,"column":0},"end":{"line":83,"column":16}},"83":{"start":{"line":84,"column":0},"end":{"line":84,"column":50}},"84":{"start":{"line":85,"column":0},"end":{"line":85,"column":64}},"85":{"start":{"line":86,"column":0},"end":{"line":86,"column":16}},"86":{"start":{"line":87,"column":0},"end":{"line":87,"column":16}},"87":{"start":{"line":88,"column":0},"end":{"line":88,"column":16}},"88":{"start":{"line":89,"column":0},"end":{"line":89,"column":46}},"89":{"start":{"line":90,"column":0},"end":{"line":90,"column":12}},"90":{"start":{"line":91,"column":0},"end":{"line":91,"column":16}},"91":{"start":{"line":92,"column":0},"end":{"line":92,"column":16}},"92":{"start":{"line":93,"column":0},"end":{"line":93,"column":16}},"93":{"start":{"line":94,"column":0},"end":{"line":94,"column":47}},"94":{"start":{"line":95,"column":0},"end":{"line":95,"column":12}},"95":{"start":{"line":96,"column":0},"end":{"line":96,"column":18}},"96":{"start":{"line":97,"column":0},"end":{"line":97,"column":16}},"97":{"start":{"line":98,"column":0},"end":{"line":98,"column":16}},"98":{"start":{"line":99,"column":0},"end":{"line":99,"column":47}},"99":{"start":{"line":100,"column":0},"end":{"line":100,"column":12}},"100":{"start":{"line":101,"column":0},"end":{"line":101,"column":18}},"101":{"start":{"line":102,"column":0},"end":{"line":102,"column":46}},"102":{"start":{"line":103,"column":0},"end":{"line":103,"column":16}},"103":{"start":{"line":104,"column":0},"end":{"line":104,"column":16}},"104":{"start":{"line":105,"column":0},"end":{"line":105,"column":12}},"105":{"start":{"line":106,"column":0},"end":{"line":106,"column":59}},"106":{"start":{"line":107,"column":0},"end":{"line":107,"column":23}},"107":{"start":{"line":108,"column":0},"end":{"line":108,"column":67}},"108":{"start":{"line":109,"column":0},"end":{"line":109,"column":1}},"109":{"start":{"line":110,"column":0},"end":{"line":110,"column":0}},"110":{"start":{"line":111,"column":0},"end":{"line":111,"column":57}},"111":{"start":{"line":112,"column":0},"end":{"line":112,"column":9}},"112":{"start":{"line":113,"column":0},"end":{"line":113,"column":8}},"113":{"start":{"line":114,"column":0},"end":{"line":114,"column":8}},"114":{"start":{"line":115,"column":0},"end":{"line":115,"column":9}},"115":{"start":{"line":116,"column":0},"end":{"line":116,"column":38}},"116":{"start":{"line":117,"column":0},"end":{"line":117,"column":18}},"117":{"start":{"line":118,"column":0},"end":{"line":118,"column":17}},"118":{"start":{"line":119,"column":0},"end":{"line":119,"column":15}},"119":{"start":{"line":120,"column":0},"end":{"line":120,"column":16}},"120":{"start":{"line":121,"column":0},"end":{"line":121,"column":23}},"121":{"start":{"line":122,"column":0},"end":{"line":122,"column":21}},"122":{"start":{"line":123,"column":0},"end":{"line":123,"column":20}},"123":{"start":{"line":124,"column":0},"end":{"line":124,"column":22}},"124":{"start":{"line":125,"column":0},"end":{"line":125,"column":21}},"125":{"start":{"line":126,"column":0},"end":{"line":126,"column":15}},"126":{"start":{"line":127,"column":0},"end":{"line":127,"column":16}},"127":{"start":{"line":128,"column":0},"end":{"line":128,"column":16}},"128":{"start":{"line":129,"column":0},"end":{"line":129,"column":18}},"129":{"start":{"line":130,"column":0},"end":{"line":130,"column":18}},"130":{"start":{"line":131,"column":0},"end":{"line":131,"column":13}},"131":{"start":{"line":132,"column":0},"end":{"line":132,"column":13}},"132":{"start":{"line":133,"column":0},"end":{"line":133,"column":12}},"133":{"start":{"line":134,"column":0},"end":{"line":134,"column":12}},"134":{"start":{"line":135,"column":0},"end":{"line":135,"column":0}},"135":{"start":{"line":136,"column":0},"end":{"line":136,"column":46}},"136":{"start":{"line":137,"column":0},"end":{"line":137,"column":57}},"137":{"start":{"line":138,"column":0},"end":{"line":138,"column":61}},"138":{"start":{"line":139,"column":0},"end":{"line":139,"column":63}},"139":{"start":{"line":140,"column":0},"end":{"line":140,"column":57}},"140":{"start":{"line":141,"column":0},"end":{"line":141,"column":42}},"141":{"start":{"line":142,"column":0},"end":{"line":142,"column":41}},"142":{"start":{"line":143,"column":0},"end":{"line":143,"column":0}},"143":{"start":{"line":144,"column":0},"end":{"line":144,"column":19}},"144":{"start":{"line":145,"column":0},"end":{"line":145,"column":18}},"145":{"start":{"line":146,"column":0},"end":{"line":146,"column":39}},"146":{"start":{"line":147,"column":0},"end":{"line":147,"column":12}},"147":{"start":{"line":148,"column":0},"end":{"line":148,"column":49}},"148":{"start":{"line":149,"column":0},"end":{"line":149,"column":33}},"149":{"start":{"line":150,"column":0},"end":{"line":150,"column":26}},"150":{"start":{"line":151,"column":0},"end":{"line":151,"column":27}},"151":{"start":{"line":152,"column":0},"end":{"line":152,"column":5}},"152":{"start":{"line":153,"column":0},"end":{"line":153,"column":33}},"153":{"start":{"line":154,"column":0},"end":{"line":154,"column":0}},"154":{"start":{"line":155,"column":0},"end":{"line":155,"column":19}},"155":{"start":{"line":156,"column":0},"end":{"line":156,"column":46}},"156":{"start":{"line":157,"column":0},"end":{"line":157,"column":0}},"157":{"start":{"line":158,"column":0},"end":{"line":158,"column":8}},"158":{"start":{"line":159,"column":0},"end":{"line":159,"column":19}},"159":{"start":{"line":160,"column":0},"end":{"line":160,"column":17}},"160":{"start":{"line":161,"column":0},"end":{"line":161,"column":19}},"161":{"start":{"line":162,"column":0},"end":{"line":162,"column":20}},"162":{"start":{"line":163,"column":0},"end":{"line":163,"column":54}},"163":{"start":{"line":164,"column":0},"end":{"line":164,"column":7}},"164":{"start":{"line":165,"column":0},"end":{"line":165,"column":32}},"165":{"start":{"line":166,"column":0},"end":{"line":166,"column":5}},"166":{"start":{"line":167,"column":0},"end":{"line":167,"column":0}},"167":{"start":{"line":168,"column":0},"end":{"line":168,"column":37}},"168":{"start":{"line":169,"column":0},"end":{"line":169,"column":73}},"169":{"start":{"line":170,"column":0},"end":{"line":170,"column":0}},"170":{"start":{"line":171,"column":0},"end":{"line":171,"column":19}},"171":{"start":{"line":172,"column":0},"end":{"line":172,"column":8}},"172":{"start":{"line":173,"column":0},"end":{"line":173,"column":28}},"173":{"start":{"line":174,"column":0},"end":{"line":174,"column":33}},"174":{"start":{"line":175,"column":0},"end":{"line":175,"column":49}},"175":{"start":{"line":176,"column":0},"end":{"line":176,"column":17}},"176":{"start":{"line":177,"column":0},"end":{"line":177,"column":15}},"177":{"start":{"line":178,"column":0},"end":{"line":178,"column":7}},"178":{"start":{"line":179,"column":0},"end":{"line":179,"column":23}},"179":{"start":{"line":180,"column":0},"end":{"line":180,"column":31}},"180":{"start":{"line":181,"column":0},"end":{"line":181,"column":41}},"181":{"start":{"line":182,"column":0},"end":{"line":182,"column":7}},"182":{"start":{"line":183,"column":0},"end":{"line":183,"column":45}},"183":{"start":{"line":184,"column":0},"end":{"line":184,"column":26}},"184":{"start":{"line":185,"column":0},"end":{"line":185,"column":34}},"185":{"start":{"line":186,"column":0},"end":{"line":186,"column":14}},"186":{"start":{"line":187,"column":0},"end":{"line":187,"column":5}},"187":{"start":{"line":188,"column":0},"end":{"line":188,"column":31}},"188":{"start":{"line":189,"column":0},"end":{"line":189,"column":32}},"189":{"start":{"line":190,"column":0},"end":{"line":190,"column":0}},"190":{"start":{"line":191,"column":0},"end":{"line":191,"column":19}},"191":{"start":{"line":192,"column":0},"end":{"line":192,"column":18}},"192":{"start":{"line":193,"column":0},"end":{"line":193,"column":31}},"193":{"start":{"line":194,"column":0},"end":{"line":194,"column":41}},"194":{"start":{"line":195,"column":0},"end":{"line":195,"column":7}},"195":{"start":{"line":196,"column":0},"end":{"line":196,"column":6}},"196":{"start":{"line":197,"column":0},"end":{"line":197,"column":9}},"197":{"start":{"line":198,"column":0},"end":{"line":198,"column":0}},"198":{"start":{"line":199,"column":0},"end":{"line":199,"column":43}},"199":{"start":{"line":200,"column":0},"end":{"line":200,"column":23}},"200":{"start":{"line":201,"column":0},"end":{"line":201,"column":25}},"201":{"start":{"line":202,"column":0},"end":{"line":202,"column":4}},"202":{"start":{"line":203,"column":0},"end":{"line":203,"column":0}},"203":{"start":{"line":204,"column":0},"end":{"line":204,"column":71}},"204":{"start":{"line":205,"column":0},"end":{"line":205,"column":65}},"205":{"start":{"line":206,"column":0},"end":{"line":206,"column":28}},"206":{"start":{"line":207,"column":0},"end":{"line":207,"column":26}},"207":{"start":{"line":208,"column":0},"end":{"line":208,"column":38}},"208":{"start":{"line":209,"column":0},"end":{"line":209,"column":12}},"209":{"start":{"line":210,"column":0},"end":{"line":210,"column":21}},"210":{"start":{"line":211,"column":0},"end":{"line":211,"column":5}},"211":{"start":{"line":212,"column":0},"end":{"line":212,"column":12}},"212":{"start":{"line":213,"column":0},"end":{"line":213,"column":25}},"213":{"start":{"line":214,"column":0},"end":{"line":214,"column":26}},"214":{"start":{"line":215,"column":0},"end":{"line":215,"column":5}},"215":{"start":{"line":216,"column":0},"end":{"line":216,"column":4}},"216":{"start":{"line":217,"column":0},"end":{"line":217,"column":0}},"217":{"start":{"line":218,"column":0},"end":{"line":218,"column":30}},"218":{"start":{"line":219,"column":0},"end":{"line":219,"column":23}},"219":{"start":{"line":220,"column":0},"end":{"line":220,"column":15}},"220":{"start":{"line":221,"column":0},"end":{"line":221,"column":4}},"221":{"start":{"line":222,"column":0},"end":{"line":222,"column":0}},"222":{"start":{"line":223,"column":0},"end":{"line":223,"column":49}},"223":{"start":{"line":224,"column":0},"end":{"line":224,"column":41}},"224":{"start":{"line":225,"column":0},"end":{"line":225,"column":33}},"225":{"start":{"line":226,"column":0},"end":{"line":226,"column":21}},"226":{"start":{"line":227,"column":0},"end":{"line":227,"column":13}},"227":{"start":{"line":228,"column":0},"end":{"line":228,"column":5}},"228":{"start":{"line":229,"column":0},"end":{"line":229,"column":31}},"229":{"start":{"line":230,"column":0},"end":{"line":230,"column":45}},"230":{"start":{"line":231,"column":0},"end":{"line":231,"column":24}},"231":{"start":{"line":232,"column":0},"end":{"line":232,"column":30}},"232":{"start":{"line":233,"column":0},"end":{"line":233,"column":28}},"233":{"start":{"line":234,"column":0},"end":{"line":234,"column":78}},"234":{"start":{"line":235,"column":0},"end":{"line":235,"column":0}},"235":{"start":{"line":236,"column":0},"end":{"line":236,"column":23}},"236":{"start":{"line":237,"column":0},"end":{"line":237,"column":29}},"237":{"start":{"line":238,"column":0},"end":{"line":238,"column":5}},"238":{"start":{"line":239,"column":0},"end":{"line":239,"column":4}},"239":{"start":{"line":240,"column":0},"end":{"line":240,"column":0}},"240":{"start":{"line":241,"column":0},"end":{"line":241,"column":50}},"241":{"start":{"line":242,"column":0},"end":{"line":242,"column":32}},"242":{"start":{"line":243,"column":0},"end":{"line":243,"column":46}},"243":{"start":{"line":244,"column":0},"end":{"line":244,"column":51}},"244":{"start":{"line":245,"column":0},"end":{"line":245,"column":39}},"245":{"start":{"line":246,"column":0},"end":{"line":246,"column":20}},"246":{"start":{"line":247,"column":0},"end":{"line":247,"column":7}},"247":{"start":{"line":248,"column":0},"end":{"line":248,"column":39}},"248":{"start":{"line":249,"column":0},"end":{"line":249,"column":16}},"249":{"start":{"line":250,"column":0},"end":{"line":250,"column":15}},"250":{"start":{"line":251,"column":0},"end":{"line":251,"column":23}},"251":{"start":{"line":252,"column":0},"end":{"line":252,"column":21}},"252":{"start":{"line":253,"column":0},"end":{"line":253,"column":21}},"253":{"start":{"line":254,"column":0},"end":{"line":254,"column":25}},"254":{"start":{"line":255,"column":0},"end":{"line":255,"column":35}},"255":{"start":{"line":256,"column":0},"end":{"line":256,"column":12}},"256":{"start":{"line":257,"column":0},"end":{"line":257,"column":10}},"257":{"start":{"line":258,"column":0},"end":{"line":258,"column":7}},"258":{"start":{"line":259,"column":0},"end":{"line":259,"column":5}},"259":{"start":{"line":260,"column":0},"end":{"line":260,"column":16}},"260":{"start":{"line":261,"column":0},"end":{"line":261,"column":4}},"261":{"start":{"line":262,"column":0},"end":{"line":262,"column":0}},"262":{"start":{"line":263,"column":0},"end":{"line":263,"column":47}},"263":{"start":{"line":264,"column":0},"end":{"line":264,"column":18}},"264":{"start":{"line":265,"column":0},"end":{"line":265,"column":65}},"265":{"start":{"line":266,"column":0},"end":{"line":266,"column":14}},"266":{"start":{"line":267,"column":0},"end":{"line":267,"column":15}},"267":{"start":{"line":268,"column":0},"end":{"line":268,"column":21}},"268":{"start":{"line":269,"column":0},"end":{"line":269,"column":19}},"269":{"start":{"line":270,"column":0},"end":{"line":270,"column":19}},"270":{"start":{"line":271,"column":0},"end":{"line":271,"column":23}},"271":{"start":{"line":272,"column":0},"end":{"line":272,"column":33}},"272":{"start":{"line":273,"column":0},"end":{"line":273,"column":33}},"273":{"start":{"line":274,"column":0},"end":{"line":274,"column":33}},"274":{"start":{"line":275,"column":0},"end":{"line":275,"column":31}},"275":{"start":{"line":276,"column":0},"end":{"line":276,"column":10}},"276":{"start":{"line":277,"column":0},"end":{"line":277,"column":8}},"277":{"start":{"line":278,"column":0},"end":{"line":278,"column":5}},"278":{"start":{"line":279,"column":0},"end":{"line":279,"column":16}},"279":{"start":{"line":280,"column":0},"end":{"line":280,"column":4}},"280":{"start":{"line":281,"column":0},"end":{"line":281,"column":0}},"281":{"start":{"line":282,"column":0},"end":{"line":282,"column":47}},"282":{"start":{"line":283,"column":0},"end":{"line":283,"column":66}},"283":{"start":{"line":284,"column":0},"end":{"line":284,"column":65}},"284":{"start":{"line":285,"column":0},"end":{"line":285,"column":72}},"285":{"start":{"line":286,"column":0},"end":{"line":286,"column":4}},"286":{"start":{"line":287,"column":0},"end":{"line":287,"column":0}},"287":{"start":{"line":288,"column":0},"end":{"line":288,"column":72}},"288":{"start":{"line":289,"column":0},"end":{"line":289,"column":0}},"289":{"start":{"line":290,"column":0},"end":{"line":290,"column":21}},"290":{"start":{"line":291,"column":0},"end":{"line":291,"column":19}},"291":{"start":{"line":292,"column":0},"end":{"line":292,"column":11}},"292":{"start":{"line":293,"column":0},"end":{"line":293,"column":18}},"293":{"start":{"line":294,"column":0},"end":{"line":294,"column":27}},"294":{"start":{"line":295,"column":0},"end":{"line":295,"column":25}},"295":{"start":{"line":296,"column":0},"end":{"line":296,"column":33}},"296":{"start":{"line":297,"column":0},"end":{"line":297,"column":25}},"297":{"start":{"line":298,"column":0},"end":{"line":298,"column":3}},"298":{"start":{"line":299,"column":0},"end":{"line":299,"column":20}},"299":{"start":{"line":300,"column":0},"end":{"line":300,"column":15}},"300":{"start":{"line":301,"column":0},"end":{"line":301,"column":0}},"301":{"start":{"line":302,"column":0},"end":{"line":302,"column":10}},"302":{"start":{"line":303,"column":0},"end":{"line":303,"column":17}},"303":{"start":{"line":304,"column":0},"end":{"line":304,"column":15}},"304":{"start":{"line":305,"column":0},"end":{"line":305,"column":15}},"305":{"start":{"line":306,"column":0},"end":{"line":306,"column":17}},"306":{"start":{"line":307,"column":0},"end":{"line":307,"column":25}},"307":{"start":{"line":308,"column":0},"end":{"line":308,"column":23}},"308":{"start":{"line":309,"column":0},"end":{"line":309,"column":23}},"309":{"start":{"line":310,"column":0},"end":{"line":310,"column":45}},"310":{"start":{"line":311,"column":0},"end":{"line":311,"column":27}},"311":{"start":{"line":312,"column":0},"end":{"line":312,"column":30}},"312":{"start":{"line":313,"column":0},"end":{"line":313,"column":20}},"313":{"start":{"line":314,"column":0},"end":{"line":314,"column":18}},"314":{"start":{"line":315,"column":0},"end":{"line":315,"column":18}},"315":{"start":{"line":316,"column":0},"end":{"line":316,"column":50}},"316":{"start":{"line":317,"column":0},"end":{"line":317,"column":12}},"317":{"start":{"line":318,"column":0},"end":{"line":318,"column":34}},"318":{"start":{"line":319,"column":0},"end":{"line":319,"column":31}},"319":{"start":{"line":320,"column":0},"end":{"line":320,"column":9}},"320":{"start":{"line":321,"column":0},"end":{"line":321,"column":8}},"321":{"start":{"line":322,"column":0},"end":{"line":322,"column":20}},"322":{"start":{"line":323,"column":0},"end":{"line":323,"column":18}},"323":{"start":{"line":324,"column":0},"end":{"line":324,"column":18}},"324":{"start":{"line":325,"column":0},"end":{"line":325,"column":51}},"325":{"start":{"line":326,"column":0},"end":{"line":326,"column":12}},"326":{"start":{"line":327,"column":0},"end":{"line":327,"column":34}},"327":{"start":{"line":328,"column":0},"end":{"line":328,"column":31}},"328":{"start":{"line":329,"column":0},"end":{"line":329,"column":9}},"329":{"start":{"line":330,"column":0},"end":{"line":330,"column":8}},"330":{"start":{"line":331,"column":0},"end":{"line":331,"column":22}},"331":{"start":{"line":332,"column":0},"end":{"line":332,"column":18}},"332":{"start":{"line":333,"column":0},"end":{"line":333,"column":18}},"333":{"start":{"line":334,"column":0},"end":{"line":334,"column":51}},"334":{"start":{"line":335,"column":0},"end":{"line":335,"column":12}},"335":{"start":{"line":336,"column":0},"end":{"line":336,"column":34}},"336":{"start":{"line":337,"column":0},"end":{"line":337,"column":33}},"337":{"start":{"line":338,"column":0},"end":{"line":338,"column":9}},"338":{"start":{"line":339,"column":0},"end":{"line":339,"column":8}},"339":{"start":{"line":340,"column":0},"end":{"line":340,"column":22}},"340":{"start":{"line":341,"column":0},"end":{"line":341,"column":50}},"341":{"start":{"line":342,"column":0},"end":{"line":342,"column":18}},"342":{"start":{"line":343,"column":0},"end":{"line":343,"column":18}},"343":{"start":{"line":344,"column":0},"end":{"line":344,"column":12}},"344":{"start":{"line":345,"column":0},"end":{"line":345,"column":34}},"345":{"start":{"line":346,"column":0},"end":{"line":346,"column":33}},"346":{"start":{"line":347,"column":0},"end":{"line":347,"column":9}},"347":{"start":{"line":348,"column":0},"end":{"line":348,"column":8}},"348":{"start":{"line":349,"column":0},"end":{"line":349,"column":23}},"349":{"start":{"line":350,"column":0},"end":{"line":350,"column":5}},"350":{"start":{"line":351,"column":0},"end":{"line":351,"column":15}},"351":{"start":{"line":352,"column":0},"end":{"line":352,"column":19}},"352":{"start":{"line":353,"column":0},"end":{"line":353,"column":4}},"353":{"start":{"line":354,"column":0},"end":{"line":354,"column":3}},"354":{"start":{"line":355,"column":0},"end":{"line":355,"column":0}},"355":{"start":{"line":356,"column":0},"end":{"line":356,"column":34}},"356":{"start":{"line":357,"column":0},"end":{"line":357,"column":0}},"357":{"start":{"line":358,"column":0},"end":{"line":358,"column":24}}},"s":{"0":1,"1":1,"2":1,"3":1,"4":1,"5":1,"6":1,"7":1,"8":1,"9":1,"10":1,"11":1,"12":1,"13":1,"14":1,"15":1,"16":1,"17":1,"18":1,"19":1,"20":1,"21":1,"22":1,"23":1,"24":1,"25":1,"26":1,"27":1,"28":1,"29":1,"30":1,"31":1,"32":1,"33":14,"34":14,"35":14,"36":14,"37":14,"38":14,"39":14,"40":14,"41":14,"42":1,"43":0,"44":0,"45":0,"46":0,"47":0,"48":0,"49":0,"50":0,"51":1,"52":175,"53":175,"54":175,"55":175,"56":1,"57":1,"58":1,"59":1,"60":1,"61":1,"62":1,"63":1,"64":1,"65":1,"66":1,"67":1,"68":1,"69":1,"70":1,"71":1,"72":1,"73":1,"74":1,"75":1,"76":1,"77":1,"78":1,"79":1,"80":1,"81":1,"82":1,"83":1,"84":1,"85":1,"86":1,"87":1,"88":1,"89":1,"90":1,"91":1,"92":1,"93":1,"94":1,"95":1,"96":1,"97":1,"98":1,"99":1,"100":1,"101":1,"102":1,"103":1,"104":1,"105":1,"106":1,"107":1,"108":1,"109":1,"110":1,"111":175,"112":175,"113":175,"114":175,"115":175,"116":175,"117":175,"118":175,"119":175,"120":175,"121":175,"122":175,"123":175,"124":175,"125":175,"126":175,"127":175,"128":175,"129":175,"130":175,"131":175,"132":175,"133":175,"134":175,"135":175,"136":175,"137":175,"138":175,"139":175,"140":175,"141":175,"142":175,"143":175,"144":157,"145":12,"146":12,"147":12,"148":12,"149":12,"150":12,"151":12,"152":175,"153":175,"154":175,"155":169,"156":169,"157":169,"158":169,"159":169,"160":169,"161":169,"162":3,"163":169,"164":1,"165":1,"166":169,"167":169,"168":175,"169":175,"170":175,"171":71,"172":71,"173":71,"174":71,"175":71,"176":3,"177":71,"178":3,"179":3,"180":0,"181":0,"182":3,"183":3,"184":3,"185":3,"186":3,"187":71,"188":175,"189":175,"190":175,"191":54,"192":54,"193":0,"194":0,"195":54,"196":175,"197":175,"198":175,"199":1,"200":1,"201":175,"202":175,"203":175,"204":0,"205":0,"206":0,"207":0,"208":0,"209":0,"210":0,"211":0,"212":0,"213":0,"214":0,"215":175,"216":175,"217":175,"218":0,"219":0,"220":175,"221":175,"222":175,"223":0,"224":0,"225":0,"226":0,"227":0,"228":0,"229":0,"230":0,"231":0,"232":0,"233":0,"234":0,"235":0,"236":0,"237":0,"238":175,"239":175,"240":175,"241":175,"242":175,"243":175,"244":34,"245":14,"246":14,"247":34,"248":0,"249":0,"250":0,"251":0,"252":0,"253":0,"254":0,"255":0,"256":0,"257":0,"258":34,"259":161,"260":175,"261":175,"262":175,"263":161,"264":20,"265":20,"266":20,"267":20,"268":20,"269":20,"270":20,"271":20,"272":20,"273":20,"274":20,"275":20,"276":20,"277":20,"278":141,"279":175,"280":175,"281":175,"282":141,"283":141,"284":141,"285":175,"286":175,"287":175,"288":175,"289":175,"290":175,"291":175,"292":175,"293":175,"294":175,"295":175,"296":175,"297":175,"298":175,"299":175,"300":175,"301":175,"302":175,"303":175,"304":175,"305":175,"306":175,"307":175,"308":175,"309":175,"310":175,"311":175,"312":175,"313":20,"314":20,"315":20,"316":20,"317":20,"318":17,"319":17,"320":175,"321":175,"322":12,"323":12,"324":12,"325":12,"326":12,"327":10,"328":10,"329":175,"330":175,"331":10,"332":10,"333":10,"334":10,"335":10,"336":9,"337":9,"338":175,"339":175,"340":2,"341":2,"342":2,"343":2,"344":2,"345":2,"346":2,"347":175,"348":175,"349":175,"350":175,"351":175,"352":175,"353":1,"354":1,"355":1,"356":1,"357":1},"branchMap":{"0":{"type":"branch","line":34,"loc":{"start":{"line":34,"column":0},"end":{"line":42,"column":1}},"locations":[{"start":{"line":34,"column":0},"end":{"line":42,"column":1}}]},"1":{"type":"branch","line":53,"loc":{"start":{"line":53,"column":0},"end":{"line":56,"column":1}},"locations":[{"start":{"line":53,"column":0},"end":{"line":56,"column":1}}]},"2":{"type":"branch","line":54,"loc":{"start":{"line":54,"column":47},"end":{"line":54,"column":66}},"locations":[{"start":{"line":54,"column":47},"end":{"line":54,"column":66}}]},"3":{"type":"branch","line":54,"loc":{"start":{"line":54,"column":67},"end":{"line":54,"column":79}},"locations":[{"start":{"line":54,"column":67},"end":{"line":54,"column":79}}]},"4":{"type":"branch","line":55,"loc":{"start":{"line":55,"column":15},"end":{"line":55,"column":26}},"locations":[{"start":{"line":55,"column":15},"end":{"line":55,"column":26}}]},"5":{"type":"branch","line":55,"loc":{"start":{"line":55,"column":27},"end":{"line":55,"column":38}},"locations":[{"start":{"line":55,"column":27},"end":{"line":55,"column":38}}]},"6":{"type":"branch","line":111,"loc":{"start":{"line":111,"column":47},"end":{"line":354,"column":2}},"locations":[{"start":{"line":111,"column":47},"end":{"line":354,"column":2}}]},"7":{"type":"branch","line":116,"loc":{"start":{"line":116,"column":30},"end":{"line":116,"column":37}},"locations":[{"start":{"line":116,"column":30},"end":{"line":116,"column":37}}]},"8":{"type":"branch","line":116,"loc":{"start":{"line":116,"column":37},"end":{"line":116,"column":38}},"locations":[{"start":{"line":116,"column":37},"end":{"line":116,"column":38}}]},"9":{"type":"branch","line":122,"loc":{"start":{"line":122,"column":12},"end":{"line":122,"column":20}},"locations":[{"start":{"line":122,"column":12},"end":{"line":122,"column":20}}]},"10":{"type":"branch","line":123,"loc":{"start":{"line":123,"column":11},"end":{"line":123,"column":19}},"locations":[{"start":{"line":123,"column":11},"end":{"line":123,"column":19}}]},"11":{"type":"branch","line":124,"loc":{"start":{"line":124,"column":13},"end":{"line":124,"column":21}},"locations":[{"start":{"line":124,"column":13},"end":{"line":124,"column":21}}]},"12":{"type":"branch","line":124,"loc":{"start":{"line":124,"column":21},"end":{"line":124,"column":22}},"locations":[{"start":{"line":124,"column":21},"end":{"line":124,"column":22}}]},"13":{"type":"branch","line":125,"loc":{"start":{"line":125,"column":12},"end":{"line":125,"column":20}},"locations":[{"start":{"line":125,"column":12},"end":{"line":125,"column":20}}]},"14":{"type":"branch","line":125,"loc":{"start":{"line":125,"column":20},"end":{"line":125,"column":21}},"locations":[{"start":{"line":125,"column":20},"end":{"line":125,"column":21}}]},"15":{"type":"branch","line":288,"loc":{"start":{"line":288,"column":35},"end":{"line":288,"column":53}},"locations":[{"start":{"line":288,"column":35},"end":{"line":288,"column":53}}]},"16":{"type":"branch","line":288,"loc":{"start":{"line":288,"column":53},"end":{"line":288,"column":71}},"locations":[{"start":{"line":288,"column":53},"end":{"line":288,"column":71}}]},"17":{"type":"branch","line":294,"loc":{"start":{"line":294,"column":12},"end":{"line":294,"column":26}},"locations":[{"start":{"line":294,"column":12},"end":{"line":294,"column":26}}]},"18":{"type":"branch","line":295,"loc":{"start":{"line":295,"column":11},"end":{"line":295,"column":24}},"locations":[{"start":{"line":295,"column":11},"end":{"line":295,"column":24}}]},"19":{"type":"branch","line":296,"loc":{"start":{"line":296,"column":17},"end":{"line":296,"column":32}},"locations":[{"start":{"line":296,"column":17},"end":{"line":296,"column":32}}]},"20":{"type":"branch","line":297,"loc":{"start":{"line":297,"column":11},"end":{"line":297,"column":24}},"locations":[{"start":{"line":297,"column":11},"end":{"line":297,"column":24}}]},"21":{"type":"branch","line":144,"loc":{"start":{"line":144,"column":12},"end":{"line":153,"column":3}},"locations":[{"start":{"line":144,"column":12},"end":{"line":153,"column":3}}]},"22":{"type":"branch","line":145,"loc":{"start":{"line":145,"column":17},"end":{"line":152,"column":5}},"locations":[{"start":{"line":145,"column":17},"end":{"line":152,"column":5}}]},"23":{"type":"branch","line":147,"loc":{"start":{"line":147,"column":8},"end":{"line":147,"column":12}},"locations":[{"start":{"line":147,"column":8},"end":{"line":147,"column":12}}]},"24":{"type":"branch","line":148,"loc":{"start":{"line":148,"column":8},"end":{"line":148,"column":48}},"locations":[{"start":{"line":148,"column":8},"end":{"line":148,"column":48}}]},"25":{"type":"branch","line":155,"loc":{"start":{"line":155,"column":12},"end":{"line":169,"column":3}},"locations":[{"start":{"line":155,"column":12},"end":{"line":169,"column":3}}]},"26":{"type":"branch","line":159,"loc":{"start":{"line":159,"column":16},"end":{"line":160,"column":14}},"locations":[{"start":{"line":159,"column":16},"end":{"line":160,"column":14}}]},"27":{"type":"branch","line":160,"loc":{"start":{"line":160,"column":14},"end":{"line":161,"column":16}},"locations":[{"start":{"line":160,"column":14},"end":{"line":161,"column":16}}]},"28":{"type":"branch","line":161,"loc":{"start":{"line":161,"column":16},"end":{"line":162,"column":17}},"locations":[{"start":{"line":161,"column":16},"end":{"line":162,"column":17}}]},"29":{"type":"branch","line":162,"loc":{"start":{"line":162,"column":17},"end":{"line":163,"column":54}},"locations":[{"start":{"line":162,"column":17},"end":{"line":163,"column":54}}]},"30":{"type":"branch","line":164,"loc":{"start":{"line":164,"column":6},"end":{"line":166,"column":5}},"locations":[{"start":{"line":164,"column":6},"end":{"line":166,"column":5}}]},"31":{"type":"branch","line":171,"loc":{"start":{"line":171,"column":12},"end":{"line":189,"column":3}},"locations":[{"start":{"line":171,"column":12},"end":{"line":189,"column":3}}]},"32":{"type":"branch","line":173,"loc":{"start":{"line":173,"column":25},"end":{"line":174,"column":30}},"locations":[{"start":{"line":173,"column":25},"end":{"line":174,"column":30}}]},"33":{"type":"branch","line":174,"loc":{"start":{"line":174,"column":30},"end":{"line":175,"column":46}},"locations":[{"start":{"line":174,"column":30},"end":{"line":175,"column":46}}]},"34":{"type":"branch","line":175,"loc":{"start":{"line":175,"column":46},"end":{"line":176,"column":14}},"locations":[{"start":{"line":175,"column":46},"end":{"line":176,"column":14}}]},"35":{"type":"branch","line":176,"loc":{"start":{"line":176,"column":14},"end":{"line":177,"column":15}},"locations":[{"start":{"line":176,"column":14},"end":{"line":177,"column":15}}]},"36":{"type":"branch","line":178,"loc":{"start":{"line":178,"column":6},"end":{"line":187,"column":5}},"locations":[{"start":{"line":178,"column":6},"end":{"line":187,"column":5}}]},"37":{"type":"branch","line":180,"loc":{"start":{"line":180,"column":30},"end":{"line":182,"column":7}},"locations":[{"start":{"line":180,"column":30},"end":{"line":182,"column":7}}]},"38":{"type":"branch","line":183,"loc":{"start":{"line":183,"column":38},"end":{"line":186,"column":7}},"locations":[{"start":{"line":183,"column":38},"end":{"line":186,"column":7}}]},"39":{"type":"branch","line":191,"loc":{"start":{"line":191,"column":12},"end":{"line":197,"column":3}},"locations":[{"start":{"line":191,"column":12},"end":{"line":197,"column":3}}]},"40":{"type":"branch","line":192,"loc":{"start":{"line":192,"column":11},"end":{"line":196,"column":5}},"locations":[{"start":{"line":192,"column":11},"end":{"line":196,"column":5}}]},"41":{"type":"branch","line":193,"loc":{"start":{"line":193,"column":30},"end":{"line":195,"column":7}},"locations":[{"start":{"line":193,"column":30},"end":{"line":195,"column":7}}]},"42":{"type":"branch","line":199,"loc":{"start":{"line":199,"column":23},"end":{"line":202,"column":3}},"locations":[{"start":{"line":199,"column":23},"end":{"line":202,"column":3}}]},"43":{"type":"branch","line":241,"loc":{"start":{"line":241,"column":26},"end":{"line":261,"column":3}},"locations":[{"start":{"line":241,"column":26},"end":{"line":261,"column":3}}]},"44":{"type":"branch","line":244,"loc":{"start":{"line":244,"column":16},"end":{"line":244,"column":29}},"locations":[{"start":{"line":244,"column":16},"end":{"line":244,"column":29}}]},"45":{"type":"branch","line":244,"loc":{"start":{"line":244,"column":30},"end":{"line":244,"column":48}},"locations":[{"start":{"line":244,"column":30},"end":{"line":244,"column":48}}]},"46":{"type":"branch","line":244,"loc":{"start":{"line":244,"column":50},"end":{"line":259,"column":5}},"locations":[{"start":{"line":244,"column":50},"end":{"line":259,"column":5}}]},"47":{"type":"branch","line":245,"loc":{"start":{"line":245,"column":38},"end":{"line":247,"column":7}},"locations":[{"start":{"line":245,"column":38},"end":{"line":247,"column":7}}]},"48":{"type":"branch","line":248,"loc":{"start":{"line":248,"column":-1},"end":{"line":248,"column":38}},"locations":[{"start":{"line":248,"column":-1},"end":{"line":248,"column":38}}]},"49":{"type":"branch","line":248,"loc":{"start":{"line":248,"column":38},"end":{"line":258,"column":7}},"locations":[{"start":{"line":248,"column":38},"end":{"line":258,"column":7}}]},"50":{"type":"branch","line":260,"loc":{"start":{"line":260,"column":-1},"end":{"line":261,"column":3}},"locations":[{"start":{"line":260,"column":-1},"end":{"line":261,"column":3}}]},"51":{"type":"branch","line":263,"loc":{"start":{"line":263,"column":23},"end":{"line":280,"column":3}},"locations":[{"start":{"line":263,"column":23},"end":{"line":280,"column":3}}]},"52":{"type":"branch","line":264,"loc":{"start":{"line":264,"column":17},"end":{"line":278,"column":5}},"locations":[{"start":{"line":264,"column":17},"end":{"line":278,"column":5}}]},"53":{"type":"branch","line":265,"loc":{"start":{"line":265,"column":50},"end":{"line":265,"column":64}},"locations":[{"start":{"line":265,"column":50},"end":{"line":265,"column":64}}]},"54":{"type":"branch","line":279,"loc":{"start":{"line":279,"column":-1},"end":{"line":280,"column":3}},"locations":[{"start":{"line":279,"column":-1},"end":{"line":280,"column":3}}]},"55":{"type":"branch","line":282,"loc":{"start":{"line":282,"column":23},"end":{"line":286,"column":3}},"locations":[{"start":{"line":282,"column":23},"end":{"line":286,"column":3}}]},"56":{"type":"branch","line":283,"loc":{"start":{"line":283,"column":50},"end":{"line":283,"column":65}},"locations":[{"start":{"line":283,"column":50},"end":{"line":283,"column":65}}]},"57":{"type":"branch","line":313,"loc":{"start":{"line":313,"column":19},"end":{"line":321,"column":7}},"locations":[{"start":{"line":313,"column":19},"end":{"line":321,"column":7}}]},"58":{"type":"branch","line":318,"loc":{"start":{"line":318,"column":33},"end":{"line":320,"column":9}},"locations":[{"start":{"line":318,"column":33},"end":{"line":320,"column":9}}]},"59":{"type":"branch","line":322,"loc":{"start":{"line":322,"column":19},"end":{"line":330,"column":7}},"locations":[{"start":{"line":322,"column":19},"end":{"line":330,"column":7}}]},"60":{"type":"branch","line":327,"loc":{"start":{"line":327,"column":33},"end":{"line":329,"column":9}},"locations":[{"start":{"line":327,"column":33},"end":{"line":329,"column":9}}]},"61":{"type":"branch","line":331,"loc":{"start":{"line":331,"column":21},"end":{"line":339,"column":7}},"locations":[{"start":{"line":331,"column":21},"end":{"line":339,"column":7}}]},"62":{"type":"branch","line":336,"loc":{"start":{"line":336,"column":33},"end":{"line":338,"column":9}},"locations":[{"start":{"line":336,"column":33},"end":{"line":338,"column":9}}]},"63":{"type":"branch","line":340,"loc":{"start":{"line":340,"column":21},"end":{"line":348,"column":7}},"locations":[{"start":{"line":340,"column":21},"end":{"line":348,"column":7}}]}},"b":{"0":[14],"1":[175],"2":[17],"3":[158],"4":[57],"5":[118],"6":[175],"7":[37],"8":[138],"9":[0],"10":[0],"11":[37],"12":[138],"13":[36],"14":[139],"15":[161],"16":[141],"17":[57],"18":[24],"19":[10],"20":[3],"21":[157],"22":[12],"23":[1],"24":[11],"25":[169],"26":[16],"27":[3],"28":[3],"29":[3],"30":[1],"31":[71],"32":[17],"33":[17],"34":[3],"35":[3],"36":[3],"37":[0],"38":[3],"39":[54],"40":[54],"41":[0],"42":[1],"43":[175],"44":[24],"45":[151],"46":[34],"47":[14],"48":[20],"49":[0],"50":[161],"51":[161],"52":[20],"53":[10],"54":[141],"55":[141],"56":[18],"57":[20],"58":[17],"59":[12],"60":[10],"61":[10],"62":[9],"63":[2]},"fnMap":{"0":{"name":"initialData","decl":{"start":{"line":34,"column":0},"end":{"line":42,"column":1}},"loc":{"start":{"line":34,"column":0},"end":{"line":42,"column":1}},"line":34},"1":{"name":"initialValue","decl":{"start":{"line":44,"column":0},"end":{"line":51,"column":1}},"loc":{"start":{"line":44,"column":0},"end":{"line":51,"column":1}},"line":44},"2":{"name":"widthStyle","decl":{"start":{"line":53,"column":0},"end":{"line":56,"column":1}},"loc":{"start":{"line":53,"column":0},"end":{"line":56,"column":1}},"line":53},"3":{"name":"handleChange","decl":{"start":{"line":199,"column":23},"end":{"line":202,"column":3}},"loc":{"start":{"line":199,"column":23},"end":{"line":202,"column":3}},"line":199},"4":{"name":"handleCommit","decl":{"start":{"line":204,"column":23},"end":{"line":216,"column":3}},"loc":{"start":{"line":204,"column":23},"end":{"line":216,"column":3}},"line":204},"5":{"name":"handleRevert","decl":{"start":{"line":218,"column":23},"end":{"line":221,"column":3}},"loc":{"start":{"line":218,"column":23},"end":{"line":221,"column":3}},"line":218},"6":{"name":"handleKey","decl":{"start":{"line":223,"column":20},"end":{"line":239,"column":3}},"loc":{"start":{"line":223,"column":20},"end":{"line":239,"column":3}},"line":223},"7":{"name":"renderComponent","decl":{"start":{"line":241,"column":26},"end":{"line":261,"column":3}},"loc":{"start":{"line":241,"column":26},"end":{"line":261,"column":3}},"line":241},"8":{"name":"renderEditor","decl":{"start":{"line":263,"column":23},"end":{"line":280,"column":3}},"loc":{"start":{"line":263,"column":23},"end":{"line":280,"column":3}},"line":263},"9":{"name":"renderViewer","decl":{"start":{"line":282,"column":23},"end":{"line":286,"column":3}},"loc":{"start":{"line":282,"column":23},"end":{"line":286,"column":3}},"line":282},"10":{"name":"onMouseDown","decl":{"start":{"line":313,"column":19},"end":{"line":321,"column":7}},"loc":{"start":{"line":313,"column":19},"end":{"line":321,"column":7}},"line":313},"11":{"name":"onMouseOver","decl":{"start":{"line":322,"column":19},"end":{"line":330,"column":7}},"loc":{"start":{"line":322,"column":19},"end":{"line":330,"column":7}},"line":322},"12":{"name":"onDoubleClick","decl":{"start":{"line":331,"column":21},"end":{"line":339,"column":7}},"loc":{"start":{"line":331,"column":21},"end":{"line":339,"column":7}},"line":331},"13":{"name":"onContextMenu","decl":{"start":{"line":340,"column":21},"end":{"line":348,"column":7}},"loc":{"start":{"line":340,"column":21},"end":{"line":348,"column":7}},"line":340}},"f":{"0":14,"1":0,"2":175,"3":1,"4":0,"5":0,"6":0,"7":175,"8":161,"9":141,"10":20,"11":12,"12":10,"13":2}}
,"/Users/mertcanatan/Developer/react-datasheet/src/DataEditor.tsx": {"path":"/Users/mertcanatan/Developer/react-datasheet/src/DataEditor.tsx","all":false,"statementMap":{"0":{"start":{"line":1,"column":0},"end":{"line":1,"column":55}},"1":{"start":{"line":2,"column":0},"end":{"line":2,"column":0}},"2":{"start":{"line":3,"column":0},"end":{"line":3,"column":40}},"3":{"start":{"line":4,"column":0},"end":{"line":4,"column":0}},"4":{"start":{"line":5,"column":0},"end":{"line":5,"column":47}},"5":{"start":{"line":6,"column":0},"end":{"line":6,"column":27}},"6":{"start":{"line":7,"column":0},"end":{"line":7,"column":25}},"7":{"start":{"line":8,"column":0},"end":{"line":8,"column":14}},"8":{"start":{"line":9,"column":0},"end":{"line":9,"column":14}},"9":{"start":{"line":10,"column":0},"end":{"line":10,"column":19}},"10":{"start":{"line":11,"column":0},"end":{"line":11,"column":36}},"11":{"start":{"line":12,"column":0},"end":{"line":12,"column":79}},"12":{"start":{"line":13,"column":0},"end":{"line":13,"column":23}},"13":{"start":{"line":14,"column":0},"end":{"line":14,"column":64}},"14":{"start":{"line":15,"column":0},"end":{"line":15,"column":1}},"15":{"start":{"line":16,"column":0},"end":{"line":16,"column":0}},"16":{"start":{"line":17,"column":0},"end":{"line":17,"column":45}},"17":{"start":{"line":18,"column":0},"end":{"line":18,"column":61}},"18":{"start":{"line":19,"column":0},"end":{"line":19,"column":47}},"19":{"start":{"line":20,"column":0},"end":{"line":20,"column":50}},"20":{"start":{"line":21,"column":0},"end":{"line":21,"column":0}},"21":{"start":{"line":22,"column":0},"end":{"line":22,"column":19}},"22":{"start":{"line":23,"column":0},"end":{"line":23,"column":30}},"23":{"start":{"line":24,"column":0},"end":{"line":24,"column":9}},"24":{"start":{"line":25,"column":0},"end":{"line":25,"column":0}},"25":{"start":{"line":26,"column":0},"end":{"line":26,"column":68}},"26":{"start":{"line":27,"column":0},"end":{"line":27,"column":29}},"27":{"start":{"line":28,"column":0},"end":{"line":28,"column":4}},"28":{"start":{"line":29,"column":0},"end":{"line":29,"column":0}},"29":{"start":{"line":30,"column":0},"end":{"line":30,"column":10}},"30":{"start":{"line":31,"column":0},"end":{"line":31,"column":10}},"31":{"start":{"line":32,"column":0},"end":{"line":32,"column":20}},"32":{"start":{"line":33,"column":0},"end":{"line":33,"column":29}},"33":{"start":{"line":34,"column":0},"end":{"line":34,"column":17}},"34":{"start":{"line":35,"column":0},"end":{"line":35,"column":72}},"35":{"start":{"line":36,"column":0},"end":{"line":36,"column":29}},"36":{"start":{"line":37,"column":0},"end":{"line":37,"column":27}},"37":{"start":{"line":38,"column":0},"end":{"line":38,"column":6}},"38":{"start":{"line":39,"column":0},"end":{"line":39,"column":4}},"39":{"start":{"line":40,"column":0},"end":{"line":40,"column":3}},"40":{"start":{"line":41,"column":0},"end":{"line":41,"column":0}},"41":{"start":{"line":42,"column":0},"end":{"line":42,"column":38}},"42":{"start":{"line":43,"column":0},"end":{"line":43,"column":0}},"43":{"start":{"line":44,"column":0},"end":{"line":44,"column":26}}},"s":{"0":1,"1":1,"2":1,"3":1,"4":1,"5":1,"6":1,"7":1,"8":1,"9":1,"10":1,"11":1,"12":1,"13":1,"14":1,"15":1,"16":1,"17":1,"18":20,"19":20,"20":20,"21":20,"22":10,"23":20,"24":20,"25":20,"26":1,"27":20,"28":20,"29":20,"30":20,"31":20,"32":20,"33":20,"34":20,"35":20,"36":20,"37":20,"38":20,"39":1,"40":1,"41":1,"42":1,"43":1},"branchMap":{"0":{"type":"branch","line":18,"loc":{"start":{"line":18,"column":51},"end":{"line":40,"column":2}},"locations":[{"start":{"line":18,"column":51},"end":{"line":40,"column":2}}]},"1":{"type":"branch","line":35,"loc":{"start":{"line":35,"column":51},"end":{"line":35,"column":55}},"locations":[{"start":{"line":35,"column":51},"end":{"line":35,"column":55}}]},"2":{"type":"branch","line":22,"loc":{"start":{"line":22,"column":12},"end":{"line":24,"column":3}},"locations":[{"start":{"line":22,"column":12},"end":{"line":24,"column":3}}]},"3":{"type":"branch","line":23,"loc":{"start":{"line":23,"column":20},"end":{"line":23,"column":22}},"locations":[{"start":{"line":23,"column":20},"end":{"line":23,"column":22}}]},"4":{"type":"branch","line":26,"loc":{"start":{"line":26,"column":23},"end":{"line":28,"column":3}},"locations":[{"start":{"line":26,"column":23},"end":{"line":28,"column":3}}]}},"b":{"0":[20],"1":[0],"2":[10],"3":[0],"4":[1]},"fnMap":{"0":{"name":"handleChange","decl":{"start":{"line":26,"column":23},"end":{"line":28,"column":3}},"loc":{"start":{"line":26,"column":23},"end":{"line":28,"column":3}},"line":26}},"f":{"0":1}}
,"/Users/mertcanatan/Developer/react-datasheet/src/DataSheet.tsx": {"path":"/Users/mertcanatan/Developer/react-datasheet/src/DataSheet.tsx","all":false,"statementMap":{"0":{"start":{"line":1,"column":0},"end":{"line":1,"column":78}},"1":{"start":{"line":2,"column":0},"end":{"line":2,"column":26}},"2":{"start":{"line":3,"column":0},"end":{"line":3,"column":92}},"3":{"start":{"line":4,"column":0},"end":{"line":4,"column":34}},"4":{"start":{"line":5,"column":0},"end":{"line":5,"column":38}},"5":{"start":{"line":6,"column":0},"end":{"line":6,"column":24}},"6":{"start":{"line":7,"column":0},"end":{"line":7,"column":28}},"7":{"start":{"line":8,"column":0},"end":{"line":8,"column":40}},"8":{"start":{"line":9,"column":0},"end":{"line":9,"column":8}},"9":{"start":{"line":10,"column":0},"end":{"line":10,"column":16}},"10":{"start":{"line":11,"column":0},"end":{"line":11,"column":13}},"11":{"start":{"line":12,"column":0},"end":{"line":12,"column":11}},"12":{"start":{"line":13,"column":0},"end":{"line":13,"column":12}},"13":{"start":{"line":14,"column":0},"end":{"line":14,"column":13}},"14":{"start":{"line":15,"column":0},"end":{"line":15,"column":11}},"15":{"start":{"line":16,"column":0},"end":{"line":16,"column":12}},"16":{"start":{"line":17,"column":0},"end":{"line":17,"column":10}},"17":{"start":{"line":18,"column":0},"end":{"line":18,"column":9}},"18":{"start":{"line":19,"column":0},"end":{"line":19,"column":16}},"19":{"start":{"line":20,"column":0},"end":{"line":20,"column":0}},"20":{"start":{"line":21,"column":0},"end":{"line":21,"column":19}},"21":{"start":{"line":22,"column":0},"end":{"line":22,"column":45}},"22":{"start":{"line":23,"column":0},"end":{"line":23,"column":0}},"23":{"start":{"line":24,"column":0},"end":{"line":24,"column":18}},"24":{"start":{"line":25,"column":0},"end":{"line":25,"column":22}},"25":{"start":{"line":26,"column":0},"end":{"line":26,"column":20}},"26":{"start":{"line":27,"column":0},"end":{"line":27,"column":2}},"27":{"start":{"line":28,"column":0},"end":{"line":28,"column":0}},"28":{"start":{"line":29,"column":0},"end":{"line":29,"column":26}},"29":{"start":{"line":30,"column":0},"end":{"line":30,"column":22}},"30":{"start":{"line":31,"column":0},"end":{"line":31,"column":20}},"31":{"start":{"line":32,"column":0},"end":{"line":32,"column":21}},"32":{"start":{"line":33,"column":0},"end":{"line":33,"column":21}},"33":{"start":{"line":34,"column":0},"end":{"line":34,"column":24}},"34":{"start":{"line":35,"column":0},"end":{"line":35,"column":22}},"35":{"start":{"line":36,"column":0},"end":{"line":36,"column":1}},"36":{"start":{"line":37,"column":0},"end":{"line":37,"column":0}},"37":{"start":{"line":38,"column":0},"end":{"line":38,"column":25}},"38":{"start":{"line":39,"column":0},"end":{"line":39,"column":71}},"39":{"start":{"line":40,"column":0},"end":{"line":40,"column":40}},"40":{"start":{"line":41,"column":0},"end":{"line":41,"column":0}},"41":{"start":{"line":42,"column":0},"end":{"line":42,"column":57}},"42":{"start":{"line":43,"column":0},"end":{"line":43,"column":29}},"43":{"start":{"line":44,"column":0},"end":{"line":44,"column":30}},"44":{"start":{"line":45,"column":0},"end":{"line":45,"column":67}},"45":{"start":{"line":46,"column":0},"end":{"line":46,"column":43}},"46":{"start":{"line":47,"column":0},"end":{"line":47,"column":3}},"47":{"start":{"line":48,"column":0},"end":{"line":48,"column":15}},"48":{"start":{"line":49,"column":0},"end":{"line":49,"column":2}},"49":{"start":{"line":50,"column":0},"end":{"line":50,"column":0}},"50":{"start":{"line":51,"column":0},"end":{"line":51,"column":56}},"51":{"start":{"line":52,"column":0},"end":{"line":52,"column":61}},"52":{"start":{"line":53,"column":0},"end":{"line":53,"column":2}},"53":{"start":{"line":54,"column":0},"end":{"line":54,"column":0}},"54":{"start":{"line":55,"column":0},"end":{"line":55,"column":38}},"55":{"start":{"line":56,"column":0},"end":{"line":56,"column":55}},"56":{"start":{"line":57,"column":0},"end":{"line":57,"column":24}},"57":{"start":{"line":58,"column":0},"end":{"line":58,"column":19}},"58":{"start":{"line":59,"column":0},"end":{"line":59,"column":19}},"59":{"start":{"line":60,"column":0},"end":{"line":60,"column":28}},"60":{"start":{"line":61,"column":0},"end":{"line":61,"column":26}},"61":{"start":{"line":62,"column":0},"end":{"line":62,"column":2}},"62":{"start":{"line":63,"column":0},"end":{"line":63,"column":0}},"63":{"start":{"line":64,"column":0},"end":{"line":64,"column":23}},"64":{"start":{"line":65,"column":0},"end":{"line":65,"column":42}},"65":{"start":{"line":66,"column":0},"end":{"line":66,"column":33}},"66":{"start":{"line":67,"column":0},"end":{"line":67,"column":14}},"67":{"start":{"line":68,"column":0},"end":{"line":68,"column":21}},"68":{"start":{"line":69,"column":0},"end":{"line":69,"column":40}},"69":{"start":{"line":70,"column":0},"end":{"line":70,"column":72}},"70":{"start":{"line":71,"column":0},"end":{"line":71,"column":18}},"71":{"start":{"line":72,"column":0},"end":{"line":72,"column":12}},"72":{"start":{"line":73,"column":0},"end":{"line":73,"column":16}},"73":{"start":{"line":74,"column":0},"end":{"line":74,"column":16}},"74":{"start":{"line":75,"column":0},"end":{"line":75,"column":52}},"75":{"start":{"line":76,"column":0},"end":{"line":76,"column":74}},"76":{"start":{"line":77,"column":0},"end":{"line":77,"column":72}},"77":{"start":{"line":78,"column":0},"end":{"line":78,"column":105}},"78":{"start":{"line":79,"column":0},"end":{"line":79,"column":72}},"79":{"start":{"line":80,"column":0},"end":{"line":80,"column":71}},"80":{"start":{"line":81,"column":0},"end":{"line":81,"column":43}},"81":{"start":{"line":82,"column":0},"end":{"line":82,"column":23}},"82":{"start":{"line":83,"column":0},"end":{"line":83,"column":49}},"83":{"start":{"line":84,"column":0},"end":{"line":84,"column":53}},"84":{"start":{"line":85,"column":0},"end":{"line":85,"column":54}},"85":{"start":{"line":86,"column":0},"end":{"line":86,"column":16}},"86":{"start":{"line":87,"column":0},"end":{"line":87,"column":24}},"87":{"start":{"line":88,"column":0},"end":{"line":88,"column":22}},"88":{"start":{"line":89,"column":0},"end":{"line":89,"column":24}},"89":{"start":{"line":90,"column":0},"end":{"line":90,"column":13}},"90":{"start":{"line":91,"column":0},"end":{"line":91,"column":73}},"91":{"start":{"line":92,"column":0},"end":{"line":92,"column":24}},"92":{"start":{"line":93,"column":0},"end":{"line":93,"column":12}},"93":{"start":{"line":94,"column":0},"end":{"line":94,"column":16}},"94":{"start":{"line":95,"column":0},"end":{"line":95,"column":16}},"95":{"start":{"line":96,"column":0},"end":{"line":96,"column":50}},"96":{"start":{"line":97,"column":0},"end":{"line":97,"column":43}},"97":{"start":{"line":98,"column":0},"end":{"line":98,"column":20}},"98":{"start":{"line":99,"column":0},"end":{"line":99,"column":65}},"99":{"start":{"line":100,"column":0},"end":{"line":100,"column":59}},"100":{"start":{"line":101,"column":0},"end":{"line":101,"column":12}},"101":{"start":{"line":102,"column":0},"end":{"line":102,"column":69}},"102":{"start":{"line":103,"column":0},"end":{"line":103,"column":19}},"103":{"start":{"line":104,"column":0},"end":{"line":104,"column":46}},"104":{"start":{"line":105,"column":0},"end":{"line":105,"column":12}},"105":{"start":{"line":106,"column":0},"end":{"line":106,"column":16}},"106":{"start":{"line":107,"column":0},"end":{"line":107,"column":16}},"107":{"start":{"line":108,"column":0},"end":{"line":108,"column":12}},"108":{"start":{"line":109,"column":0},"end":{"line":109,"column":52}},"109":{"start":{"line":110,"column":0},"end":{"line":110,"column":44}},"110":{"start":{"line":111,"column":0},"end":{"line":111,"column":67}},"111":{"start":{"line":112,"column":0},"end":{"line":112,"column":29}},"112":{"start":{"line":113,"column":0},"end":{"line":113,"column":49}},"113":{"start":{"line":114,"column":0},"end":{"line":114,"column":1}},"114":{"start":{"line":115,"column":0},"end":{"line":115,"column":0}},"115":{"start":{"line":116,"column":0},"end":{"line":116,"column":45}},"116":{"start":{"line":117,"column":0},"end":{"line":117,"column":63}},"117":{"start":{"line":118,"column":0},"end":{"line":118,"column":22}},"118":{"start":{"line":119,"column":0},"end":{"line":119,"column":0}},"119":{"start":{"line":120,"column":0},"end":{"line":120,"column":65}},"120":{"start":{"line":121,"column":0},"end":{"line":121,"column":29}},"121":{"start":{"line":122,"column":0},"end":{"line":122,"column":32}},"122":{"start":{"line":123,"column":0},"end":{"line":123,"column":27}},"123":{"start":{"line":124,"column":0},"end":{"line":124,"column":22}},"124":{"start":{"line":125,"column":0},"end":{"line":125,"column":35}},"125":{"start":{"line":126,"column":0},"end":{"line":126,"column":37}},"126":{"start":{"line":127,"column":0},"end":{"line":127,"column":44}},"127":{"start":{"line":128,"column":0},"end":{"line":128,"column":32}},"128":{"start":{"line":129,"column":0},"end":{"line":129,"column":28}},"129":{"start":{"line":130,"column":0},"end":{"line":130,"column":6}},"130":{"start":{"line":131,"column":0},"end":{"line":131,"column":37}},"131":{"start":{"line":132,"column":0},"end":{"line":132,"column":3}},"132":{"start":{"line":133,"column":0},"end":{"line":133,"column":15}},"133":{"start":{"line":134,"column":0},"end":{"line":134,"column":2}},"134":{"start":{"line":135,"column":0},"end":{"line":135,"column":0}},"135":{"start":{"line":136,"column":0},"end":{"line":136,"column":43}},"136":{"start":{"line":137,"column":0},"end":{"line":137,"column":13}},"137":{"start":{"line":138,"column":0},"end":{"line":138,"column":70}},"138":{"start":{"line":139,"column":0},"end":{"line":139,"column":0}},"139":{"start":{"line":140,"column":0},"end":{"line":140,"column":28}},"140":{"start":{"line":141,"column":0},"end":{"line":141,"column":59}},"141":{"start":{"line":142,"column":0},"end":{"line":142,"column":35}},"142":{"start":{"line":143,"column":0},"end":{"line":143,"column":9}},"143":{"start":{"line":144,"column":0},"end":{"line":144,"column":9}},"144":{"start":{"line":145,"column":0},"end":{"line":145,"column":14}},"145":{"start":{"line":146,"column":0},"end":{"line":146,"column":13}},"146":{"start":{"line":147,"column":0},"end":{"line":147,"column":18}},"147":{"start":{"line":148,"column":0},"end":{"line":148,"column":17}},"148":{"start":{"line":149,"column":0},"end":{"line":149,"column":41}},"149":{"start":{"line":150,"column":0},"end":{"line":150,"column":35}},"150":{"start":{"line":151,"column":0},"end":{"line":151,"column":38}},"151":{"start":{"line":152,"column":0},"end":{"line":152,"column":52}},"152":{"start":{"line":153,"column":0},"end":{"line":153,"column":49}},"153":{"start":{"line":154,"column":0},"end":{"line":154,"column":35}},"154":{"start":{"line":155,"column":0},"end":{"line":155,"column":33}},"155":{"start":{"line":156,"column":0},"end":{"line":156,"column":29}},"156":{"start":{"line":157,"column":0},"end":{"line":157,"column":23}},"157":{"start":{"line":158,"column":0},"end":{"line":158,"column":10}},"158":{"start":{"line":159,"column":0},"end":{"line":159,"column":31}},"159":{"start":{"line":160,"column":0},"end":{"line":160,"column":19}},"160":{"start":{"line":161,"column":0},"end":{"line":161,"column":13}},"161":{"start":{"line":162,"column":0},"end":{"line":162,"column":18}},"162":{"start":{"line":163,"column":0},"end":{"line":163,"column":13}},"163":{"start":{"line":164,"column":0},"end":{"line":164,"column":12}},"164":{"start":{"line":165,"column":0},"end":{"line":165,"column":27}},"165":{"start":{"line":166,"column":0},"end":{"line":166,"column":20}},"166":{"start":{"line":167,"column":0},"end":{"line":167,"column":12}},"167":{"start":{"line":168,"column":0},"end":{"line":168,"column":0}},"168":{"start":{"line":169,"column":0},"end":{"line":169,"column":28}},"169":{"start":{"line":170,"column":0},"end":{"line":170,"column":43}},"170":{"start":{"line":171,"column":0},"end":{"line":171,"column":43}},"171":{"start":{"line":172,"column":0},"end":{"line":172,"column":49}},"172":{"start":{"line":173,"column":0},"end":{"line":173,"column":0}},"173":{"start":{"line":174,"column":0},"end":{"line":174,"column":61}},"174":{"start":{"line":175,"column":0},"end":{"line":175,"column":76}},"175":{"start":{"line":176,"column":0},"end":{"line":176,"column":0}},"176":{"start":{"line":177,"column":0},"end":{"line":177,"column":34}},"177":{"start":{"line":178,"column":0},"end":{"line":178,"column":36}},"178":{"start":{"line":179,"column":0},"end":{"line":179,"column":44}},"179":{"start":{"line":180,"column":0},"end":{"line":180,"column":37}},"180":{"start":{"line":181,"column":0},"end":{"line":181,"column":64}},"181":{"start":{"line":182,"column":0},"end":{"line":182,"column":0}},"182":{"start":{"line":183,"column":0},"end":{"line":183,"column":64}},"183":{"start":{"line":184,"column":0},"end":{"line":184,"column":57}},"184":{"start":{"line":185,"column":0},"end":{"line":185,"column":59}},"185":{"start":{"line":186,"column":0},"end":{"line":186,"column":45}},"186":{"start":{"line":187,"column":0},"end":{"line":187,"column":43}},"187":{"start":{"line":188,"column":0},"end":{"line":188,"column":11}},"188":{"start":{"line":189,"column":0},"end":{"line":189,"column":9}},"189":{"start":{"line":190,"column":0},"end":{"line":190,"column":0}},"190":{"start":{"line":191,"column":0},"end":{"line":191,"column":43}},"191":{"start":{"line":192,"column":0},"end":{"line":192,"column":57}},"192":{"start":{"line":193,"column":0},"end":{"line":193,"column":43}},"193":{"start":{"line":194,"column":0},"end":{"line":194,"column":51}},"194":{"start":{"line":195,"column":0},"end":{"line":195,"column":77}},"195":{"start":{"line":196,"column":0},"end":{"line":196,"column":0}},"196":{"start":{"line":197,"column":0},"end":{"line":197,"column":68}},"197":{"start":{"line":198,"column":0},"end":{"line":198,"column":56}},"198":{"start":{"line":199,"column":0},"end":{"line":199,"column":40}},"199":{"start":{"line":200,"column":0},"end":{"line":200,"column":36}},"200":{"start":{"line":201,"column":0},"end":{"line":201,"column":14}},"201":{"start":{"line":202,"column":0},"end":{"line":202,"column":78}},"202":{"start":{"line":203,"column":0},"end":{"line":203,"column":67}},"203":{"start":{"line":204,"column":0},"end":{"line":204,"column":16}},"204":{"start":{"line":205,"column":0},"end":{"line":205,"column":63}},"205":{"start":{"line":206,"column":0},"end":{"line":206,"column":56}},"206":{"start":{"line":207,"column":0},"end":{"line":207,"column":15}},"207":{"start":{"line":208,"column":0},"end":{"line":208,"column":38}},"208":{"start":{"line":209,"column":0},"end":{"line":209,"column":13}},"209":{"start":{"line":210,"column":0},"end":{"line":210,"column":11}},"210":{"start":{"line":211,"column":0},"end":{"line":211,"column":0}},"211":{"start":{"line":212,"column":0},"end":{"line":212,"column":79}},"212":{"start":{"line":213,"column":0},"end":{"line":213,"column":43}},"213":{"start":{"line":214,"column":0},"end":{"line":214,"column":41}},"214":{"start":{"line":215,"column":0},"end":{"line":215,"column":58}},"215":{"start":{"line":216,"column":0},"end":{"line":216,"column":16}},"216":{"start":{"line":217,"column":0},"end":{"line":217,"column":61}},"217":{"start":{"line":218,"column":0},"end":{"line":218,"column":35}},"218":{"start":{"line":219,"column":0},"end":{"line":219,"column":55}},"219":{"start":{"line":220,"column":0},"end":{"line":220,"column":49}},"220":{"start":{"line":221,"column":0},"end":{"line":221,"column":14}},"221":{"start":{"line":222,"column":0},"end":{"line":222,"column":16}},"222":{"start":{"line":223,"column":0},"end":{"line":223,"column":56}},"223":{"start":{"line":224,"column":0},"end":{"line":224,"column":49}},"224":{"start":{"line":225,"column":0},"end":{"line":225,"column":15}},"225":{"start":{"line":226,"column":0},"end":{"line":226,"column":38}},"226":{"start":{"line":227,"column":0},"end":{"line":227,"column":13}},"227":{"start":{"line":228,"column":0},"end":{"line":228,"column":11}},"228":{"start":{"line":229,"column":0},"end":{"line":229,"column":35}},"229":{"start":{"line":230,"column":0},"end":{"line":230,"column":9}},"230":{"start":{"line":231,"column":0},"end":{"line":231,"column":9}},"231":{"start":{"line":232,"column":0},"end":{"line":232,"column":6}},"232":{"start":{"line":233,"column":0},"end":{"line":233,"column":62}},"233":{"start":{"line":234,"column":0},"end":{"line":234,"column":79}},"234":{"start":{"line":235,"column":0},"end":{"line":235,"column":4}},"235":{"start":{"line":236,"column":0},"end":{"line":236,"column":0}},"236":{"start":{"line":237,"column":0},"end":{"line":237,"column":52}},"237":{"start":{"line":238,"column":0},"end":{"line":238,"column":55}},"238":{"start":{"line":239,"column":0},"end":{"line":239,"column":51}},"239":{"start":{"line":240,"column":0},"end":{"line":240,"column":0}},"240":{"start":{"line":241,"column":0},"end":{"line":241,"column":41}},"241":{"start":{"line":242,"column":0},"end":{"line":242,"column":42}},"242":{"start":{"line":243,"column":0},"end":{"line":243,"column":68}},"243":{"start":{"line":244,"column":0},"end":{"line":244,"column":6}},"244":{"start":{"line":245,"column":0},"end":{"line":245,"column":16}},"245":{"start":{"line":246,"column":0},"end":{"line":246,"column":4}},"246":{"start":{"line":247,"column":0},"end":{"line":247,"column":0}},"247":{"start":{"line":248,"column":0},"end":{"line":248,"column":37}},"248":{"start":{"line":249,"column":0},"end":{"line":249,"column":42}},"249":{"start":{"line":250,"column":0},"end":{"line":250,"column":54}},"250":{"start":{"line":251,"column":0},"end":{"line":251,"column":32}},"251":{"start":{"line":252,"column":0},"end":{"line":252,"column":29}},"252":{"start":{"line":253,"column":0},"end":{"line":253,"column":6}},"253":{"start":{"line":254,"column":0},"end":{"line":254,"column":31}},"254":{"start":{"line":255,"column":0},"end":{"line":255,"column":4}},"255":{"start":{"line":256,"column":0},"end":{"line":256,"column":0}},"256":{"start":{"line":257,"column":0},"end":{"line":257,"column":44}},"257":{"start":{"line":258,"column":0},"end":{"line":258,"column":5}},"258":{"start":{"line":259,"column":0},"end":{"line":259,"column":29}},"259":{"start":{"line":260,"column":0},"end":{"line":260,"column":50}},"260":{"start":{"line":261,"column":0},"end":{"line":261,"column":28}},"261":{"start":{"line":262,"column":0},"end":{"line":262,"column":24}},"262":{"start":{"line":263,"column":0},"end":{"line":263,"column":39}},"263":{"start":{"line":264,"column":0},"end":{"line":264,"column":20}},"264":{"start":{"line":265,"column":0},"end":{"line":265,"column":38}},"265":{"start":{"line":266,"column":0},"end":{"line":266,"column":40}},"266":{"start":{"line":267,"column":0},"end":{"line":267,"column":40}},"267":{"start":{"line":268,"column":0},"end":{"line":268,"column":41}},"268":{"start":{"line":269,"column":0},"end":{"line":269,"column":8}}
[...]
":{"line":723,"column":7}}]},"29":{"type":"branch","line":728,"loc":{"start":{"line":728,"column":36},"end":{"line":732,"column":3}},"locations":[{"start":{"line":728,"column":36},"end":{"line":732,"column":3}}]},"30":{"type":"branch","line":729,"loc":{"start":{"line":729,"column":19},"end":{"line":731,"column":5}},"locations":[{"start":{"line":729,"column":19},"end":{"line":731,"column":5}}]},"31":{"type":"branch","line":735,"loc":{"start":{"line":735,"column":12},"end":{"line":766,"column":3}},"locations":[{"start":{"line":735,"column":12},"end":{"line":766,"column":3}}]},"32":{"type":"branch","line":755,"loc":{"start":{"line":755,"column":11},"end":{"line":765,"column":5}},"locations":[{"start":{"line":755,"column":11},"end":{"line":765,"column":5}}]},"33":{"type":"branch","line":779,"loc":{"start":{"line":779,"column":4},"end":{"line":797,"column":5}},"locations":[{"start":{"line":779,"column":4},"end":{"line":797,"column":5}}]},"34":{"type":"branch","line":785,"loc":{"start":{"line":785,"column":46},"end":{"line":785,"column":67}},"locations":[{"start":{"line":785,"column":46},"end":{"line":785,"column":67}}]},"35":{"type":"branch","line":802,"loc":{"start":{"line":802,"column":4},"end":{"line":806,"column":5}},"locations":[{"start":{"line":802,"column":4},"end":{"line":806,"column":5}}]},"36":{"type":"branch","line":803,"loc":{"start":{"line":803,"column":21},"end":{"line":805,"column":7}},"locations":[{"start":{"line":803,"column":21},"end":{"line":805,"column":7}}]},"37":{"type":"branch","line":811,"loc":{"start":{"line":811,"column":4},"end":{"line":820,"column":5}},"locations":[{"start":{"line":811,"column":4},"end":{"line":820,"column":5}}]},"38":{"type":"branch","line":813,"loc":{"start":{"line":813,"column":40},"end":{"line":819,"column":7}},"locations":[{"start":{"line":813,"column":40},"end":{"line":819,"column":7}}]},"39":{"type":"branch","line":872,"loc":{"start":{"line":872,"column":4},"end":{"line":873,"column":7}},"locations":[{"start":{"line":872,"column":4},"end":{"line":873,"column":7}}]},"40":{"type":"branch","line":873,"loc":{"start":{"line":873,"column":42},"end":{"line":873,"column":61}},"locations":[{"start":{"line":873,"column":42},"end":{"line":873,"column":61}}]},"41":{"type":"branch","line":878,"loc":{"start":{"line":878,"column":4},"end":{"line":879,"column":7}},"locations":[{"start":{"line":878,"column":4},"end":{"line":879,"column":7}}]},"42":{"type":"branch","line":879,"loc":{"start":{"line":879,"column":38},"end":{"line":879,"column":55}},"locations":[{"start":{"line":879,"column":38},"end":{"line":879,"column":55}}]},"43":{"type":"branch","line":884,"loc":{"start":{"line":884,"column":4},"end":{"line":893,"column":5}},"locations":[{"start":{"line":884,"column":4},"end":{"line":893,"column":5}}]},"44":{"type":"branch","line":886,"loc":{"start":{"line":886,"column":51},"end":{"line":886,"column":66}},"locations":[{"start":{"line":886,"column":51},"end":{"line":886,"column":66}}]},"45":{"type":"branch","line":887,"loc":{"start":{"line":887,"column":8},"end":{"line":887,"column":21}},"locations":[{"start":{"line":887,"column":8},"end":{"line":887,"column":21}}]},"46":{"type":"branch","line":887,"loc":{"start":{"line":887,"column":21},"end":{"line":892,"column":39}},"locations":[{"start":{"line":887,"column":21},"end":{"line":892,"column":39}}]},"47":{"type":"branch","line":892,"loc":{"start":{"line":892,"column":39},"end":{"line":892,"column":54}},"locations":[{"start":{"line":892,"column":39},"end":{"line":892,"column":54}}]},"48":{"type":"branch","line":892,"loc":{"start":{"line":892,"column":54},"end":{"line":892,"column":69}},"locations":[{"start":{"line":892,"column":54},"end":{"line":892,"column":69}}]},"49":{"type":"branch","line":903,"loc":{"start":{"line":903,"column":18},"end":{"line":903,"column":31}},"locations":[{"start":{"line":903,"column":18},"end":{"line":903,"column":31}}]},"50":{"type":"branch","line":904,"loc":{"start":{"line":904,"column":34},"end":{"line":904,"column":44}},"locations":[{"start":{"line":904,"column":34},"end":{"line":904,"column":44}}]},"51":{"type":"branch","line":904,"loc":{"start":{"line":904,"column":45},"end":{"line":904,"column":48}},"locations":[{"start":{"line":904,"column":45},"end":{"line":904,"column":48}}]},"52":{"type":"branch","line":905,"loc":{"start":{"line":905,"column":21},"end":{"line":936,"column":13}},"locations":[{"start":{"line":905,"column":21},"end":{"line":936,"column":13}}]},"53":{"type":"branch","line":908,"loc":{"start":{"line":908,"column":16},"end":{"line":908,"column":42}},"locations":[{"start":{"line":908,"column":16},"end":{"line":908,"column":42}}]},"54":{"type":"branch","line":909,"loc":{"start":{"line":909,"column":16},"end":{"line":909,"column":27}},"locations":[{"start":{"line":909,"column":16},"end":{"line":909,"column":27}}]},"55":{"type":"branch","line":913,"loc":{"start":{"line":913,"column":27},"end":{"line":913,"column":29}},"locations":[{"start":{"line":913,"column":27},"end":{"line":913,"column":29}}]},"56":{"type":"branch","line":913,"loc":{"start":{"line":913,"column":32},"end":{"line":913,"column":47}},"locations":[{"start":{"line":913,"column":32},"end":{"line":913,"column":47}}]},"57":{"type":"branch","line":917,"loc":{"start":{"line":917,"column":38},"end":{"line":917,"column":57}},"locations":[{"start":{"line":917,"column":38},"end":{"line":917,"column":57}}]},"58":{"type":"branch","line":908,"loc":{"start":{"line":908,"column":18},"end":{"line":908,"column":42}},"locations":[{"start":{"line":908,"column":18},"end":{"line":908,"column":42}}]}},"b":{"0":[559],"1":[217],"2":[181],"3":[0],"4":[49],"5":[0],"6":[0],"7":[0],"8":[0],"9":[0],"10":[0],"11":[0],"12":[0],"13":[0],"14":[36],"15":[36],"16":[0],"17":[0],"18":[0],"19":[0],"20":[0],"21":[7],"22":[7],"23":[0],"24":[0],"25":[0],"26":[18],"27":[0],"28":[0],"29":[18],"30":[15],"31":[49],"32":[49],"33":[15],"34":[0],"35":[8],"36":[0],"37":[7],"38":[6],"39":[148],"40":[22],"41":[132],"42":[0],"43":[132],"44":[92],"45":[40],"46":[92],"47":[67],"48":[55],"49":[66],"50":[2],"51":[64],"52":[132],"53":[4],"54":[128],"55":[0],"56":[115],"57":[16],"58":[4]},"fnMap":{"0":{"name":"isEmpty","decl":{"start":{"line":39,"column":16},"end":{"line":40,"column":40}},"loc":{"start":{"line":39,"column":16},"end":{"line":40,"column":40}},"line":39},"1":{"name":"range","decl":{"start":{"line":42,"column":14},"end":{"line":49,"column":2}},"loc":{"start":{"line":42,"column":14},"end":{"line":49,"column":2}},"line":42},"2":{"name":"defaultParsePaste","decl":{"start":{"line":51,"column":26},"end":{"line":53,"column":2}},"loc":{"start":{"line":51,"column":26},"end":{"line":53,"column":2}},"line":51},"3":{"name":"isSelectionControlled","decl":{"start":{"line":117,"column":30},"end":{"line":118,"column":22}},"loc":{"start":{"line":117,"column":30},"end":{"line":118,"column":22}},"line":117},"4":{"name":"getCurrentState","decl":{"start":{"line":121,"column":24},"end":{"line":134,"column":2}},"loc":{"start":{"line":121,"column":24},"end":{"line":134,"column":2}},"line":121},"5":{"name":"isCellNavigable","decl":{"start":{"line":155,"column":22},"end":{"line":155,"column":32}},"loc":{"start":{"line":155,"column":22},"end":{"line":155,"column":32}},"line":155},"6":{"name":"boundAttributesRenderer","decl":{"start":{"line":908,"column":18},"end":{"line":908,"column":42}},"loc":{"start":{"line":908,"column":18},"end":{"line":908,"column":42}},"line":908}},"f":{"0":559,"1":0,"2":0,"3":217,"4":181,"5":0,"6":4}}
,"/Users/mertcanatan/Developer/react-datasheet/src/Row.tsx": {"path":"/Users/mertcanatan/Developer/react-datasheet/src/Row.tsx","all":false,"statementMap":{"0":{"start":{"line":1,"column":0},"end":{"line":1,"column":36}},"1":{"start":{"line":2,"column":0},"end":{"line":2,"column":0}},"2":{"start":{"line":3,"column":0},"end":{"line":3,"column":64}},"3":{"start":{"line":4,"column":0},"end":{"line":4,"column":0}},"4":{"start":{"line":5,"column":0},"end":{"line":5,"column":47}},"5":{"start":{"line":6,"column":0},"end":{"line":6,"column":20}},"6":{"start":{"line":7,"column":0},"end":{"line":7,"column":14}},"7":{"start":{"line":8,"column":0},"end":{"line":8,"column":52}},"8":{"start":{"line":9,"column":0},"end":{"line":9,"column":70}},"9":{"start":{"line":10,"column":0},"end":{"line":10,"column":29}},"10":{"start":{"line":11,"column":0},"end":{"line":11,"column":1}},"11":{"start":{"line":12,"column":0},"end":{"line":12,"column":0}},"12":{"start":{"line":13,"column":0},"end":{"line":13,"column":45}},"13":{"start":{"line":14,"column":0},"end":{"line":14,"column":56}},"14":{"start":{"line":15,"column":0},"end":{"line":15,"column":91}},"15":{"start":{"line":16,"column":0},"end":{"line":16,"column":29}},"16":{"start":{"line":17,"column":0},"end":{"line":17,"column":3}},"17":{"start":{"line":18,"column":0},"end":{"line":18,"column":0}},"18":{"start":{"line":19,"column":0},"end":{"line":19,"column":19}},"19":{"start":{"line":20,"column":0},"end":{"line":20,"column":20}},"20":{"start":{"line":21,"column":0},"end":{"line":21,"column":38}},"21":{"start":{"line":22,"column":0},"end":{"line":22,"column":69}},"22":{"start":{"line":23,"column":0},"end":{"line":23,"column":30}},"23":{"start":{"line":24,"column":0},"end":{"line":24,"column":5}},"24":{"start":{"line":25,"column":0},"end":{"line":25,"column":0}},"25":{"start":{"line":26,"column":0},"end":{"line":26,"column":24}},"26":{"start":{"line":27,"column":0},"end":{"line":27,"column":0}},"27":{"start":{"line":28,"column":0},"end":{"line":28,"column":19}}},"s":{"0":1,"1":1,"2":1,"3":1,"4":1,"5":1,"6":1,"7":1,"8":1,"9":1,"10":1,"11":1,"12":1,"13":1,"14":66,"15":66,"16":1,"17":1,"18":1,"19":1,"20":1,"21":1,"22":1,"23":1,"24":1,"25":1,"26":1,"27":1},"branchMap":{"0":{"type":"branch","line":14,"loc":{"start":{"line":14,"column":37},"end":{"line":17,"column":2}},"locations":[{"start":{"line":14,"column":37},"end":{"line":17,"column":2}}]}},"b":{"0":[66]},"fnMap":{},"f":{}}
,"/Users/mertcanatan/Developer/react-datasheet/src/Sheet.tsx": {"path":"/Users/mertcanatan/Developer/react-datasheet/src/Sheet.tsx","all":false,"statementMap":{"0":{"start":{"line":1,"column":0},"end":{"line":1,"column":36}},"1":{"start":{"line":2,"column":0},"end":{"line":2,"column":0}},"2":{"start":{"line":3,"column":0},"end":{"line":3,"column":47}},"3":{"start":{"line":4,"column":0},"end":{"line":4,"column":22}},"4":{"start":{"line":5,"column":0},"end":{"line":5,"column":21}},"5":{"start":{"line":6,"column":0},"end":{"line":6,"column":61}},"6":{"start":{"line":7,"column":0},"end":{"line":7,"column":29}},"7":{"start":{"line":8,"column":0},"end":{"line":8,"column":1}},"8":{"start":{"line":9,"column":0},"end":{"line":9,"column":0}},"9":{"start":{"line":10,"column":0},"end":{"line":10,"column":45}},"10":{"start":{"line":11,"column":0},"end":{"line":11,"column":71}},"11":{"start":{"line":12,"column":0},"end":{"line":12,"column":10}},"12":{"start":{"line":13,"column":0},"end":{"line":13,"column":33}},"13":{"start":{"line":14,"column":0},"end":{"line":14,"column":31}},"14":{"start":{"line":15,"column":0},"end":{"line":15,"column":12}},"15":{"start":{"line":16,"column":0},"end":{"line":16,"column":4}},"16":{"start":{"line":17,"column":0},"end":{"line":17,"column":3}},"17":{"start":{"line":18,"column":0},"end":{"line":18,"column":0}},"18":{"start":{"line":19,"column":0},"end":{"line":19,"column":19}},"19":{"start":{"line":20,"column":0},"end":{"line":20,"column":22}},"20":{"start":{"line":21,"column":0},"end":{"line":21,"column":33}},"21":{"start":{"line":22,"column":0},"end":{"line":22,"column":96}},"22":{"start":{"line":23,"column":0},"end":{"line":23,"column":30}},"23":{"start":{"line":24,"column":0},"end":{"line":24,"column":5}},"24":{"start":{"line":25,"column":0},"end":{"line":25,"column":0}},"25":{"start":{"line":26,"column":0},"end":{"line":26,"column":28}},"26":{"start":{"line":27,"column":0},"end":{"line":27,"column":0}},"27":{"start":{"line":28,"column":0},"end":{"line":28,"column":21}}},"s":{"0":1,"1":1,"2":1,"3":1,"4":1,"5":1,"6":1,"7":1,"8":1,"9":1,"10":1,"11":49,"12":49,"13":49,"14":49,"15":49,"16":1,"17":1,"18":1,"19":1,"20":1,"21":1,"22":1,"23":1,"24":1,"25":1,"26":1,"27":1},"branchMap":{"0":{"type":"branch","line":11,"loc":{"start":{"line":11,"column":41},"end":{"line":17,"column":2}},"locations":[{"start":{"line":11,"column":41},"end":{"line":17,"column":2}}]}},"b":{"0":[49]},"fnMap":{},"f":{}}
,"/Users/mertcanatan/Developer/react-datasheet/src/ValueViewer.tsx": {"path":"/Users/mertcanatan/Developer/react-datasheet/src/ValueViewer.tsx","all":false,"statementMap":{"0":{"start":{"line":1,"column":0},"end":{"line":1,"column":36}},"1":{"start":{"line":2,"column":0},"end":{"line":2,"column":0}},"2":{"start":{"line":3,"column":0},"end":{"line":3,"column":87}},"3":{"start":{"line":4,"column":0},"end":{"line":4,"column":43}},"4":{"start":{"line":5,"column":0},"end":{"line":5,"column":0}},"5":{"start":{"line":6,"column":0},"end":{"line":6,"column":47}},"6":{"start":{"line":7,"column":0},"end":{"line":7,"column":28}},"7":{"start":{"line":8,"column":0},"end":{"line":8,"column":59}},"8":{"start":{"line":9,"column":0},"end":{"line":9,"column":59}},"9":{"start":{"line":10,"column":0},"end":{"line":10,"column":64}},"10":{"start":{"line":11,"column":0},"end":{"line":11,"column":48}},"11":{"start":{"line":12,"column":0},"end":{"line":12,"column":1}},"12":{"start":{"line":13,"column":0},"end":{"line":13,"column":0}},"13":{"start":{"line":14,"column":0},"end":{"line":14,"column":45}},"14":{"start":{"line":15,"column":0},"end":{"line":15,"column":69}},"15":{"start":{"line":16,"column":0},"end":{"line":16,"column":55}},"16":{"start":{"line":17,"column":0},"end":{"line":17,"column":3}},"17":{"start":{"line":18,"column":0},"end":{"line":18,"column":0}},"18":{"start":{"line":19,"column":0},"end":{"line":19,"column":19}},"19":{"start":{"line":20,"column":0},"end":{"line":20,"column":28}},"20":{"start":{"line":21,"column":0},"end":{"line":21,"column":38}},"21":{"start":{"line":22,"column":0},"end":{"line":22,"column":38}},"22":{"start":{"line":23,"column":0},"end":{"line":23,"column":38}},"23":{"start":{"line":24,"column":0},"end":{"line":24,"column":38}},"24":{"start":{"line":25,"column":0},"end":{"line":25,"column":5}},"25":{"start":{"line":26,"column":0},"end":{"line":26,"column":0}},"26":{"start":{"line":27,"column":0},"end":{"line":27,"column":40}},"27":{"start":{"line":28,"column":0},"end":{"line":28,"column":0}},"28":{"start":{"line":29,"column":0},"end":{"line":29,"column":27}}},"s":{"0":1,"1":1,"2":1,"3":1,"4":1,"5":1,"6":1,"7":1,"8":1,"9":1,"10":1,"11":1,"12":1,"13":1,"14":1,"15":53,"16":1,"17":1,"18":1,"19":1,"20":1,"21":1,"22":1,"23":1,"24":1,"25":1,"26":1,"27":1,"28":1},"branchMap":{"0":{"type":"branch","line":15,"loc":{"start":{"line":15,"column":53},"end":{"line":17,"column":2}},"locations":[{"start":{"line":15,"column":53},"end":{"line":17,"column":2}}]}},"b":{"0":[53]},"fnMap":{},"f":{}}
,"/Users/mertcanatan/Developer/react-datasheet/src/keys.ts": {"path":"/Users/mertcanatan/Developer/react-datasheet/src/keys.ts","all":false,"statementMap":{"0":{"start":{"line":1,"column":0},"end":{"line":1,"column":38}},"1":{"start":{"line":2,"column":0},"end":{"line":2,"column":33}},"2":{"start":{"line":3,"column":0},"end":{"line":3,"column":36}},"3":{"start":{"line":4,"column":0},"end":{"line":4,"column":37}},"4":{"start":{"line":5,"column":0},"end":{"line":5,"column":35}},"5":{"start":{"line":6,"column":0},"end":{"line":6,"column":33}},"6":{"start":{"line":7,"column":0},"end":{"line":7,"column":36}},"7":{"start":{"line":8,"column":0},"end":{"line":8,"column":35}},"8":{"start":{"line":9,"column":0},"end":{"line":9,"column":37}},"9":{"start":{"line":10,"column":0},"end":{"line":10,"column":39}}},"s":{"0":1,"1":1,"2":1,"3":1,"4":1,"5":1,"6":1,"7":1,"8":1,"9":1},"branchMap":{},"b":{},"fnMap":{},"f":{}}
,"/Users/mertcanatan/Developer/react-datasheet/src/renderHelpers.ts": {"path":"/Users/mertcanatan/Developer/react-datasheet/src/renderHelpers.ts","all":false,"statementMap":{"0":{"start":{"line":1,"column":0},"end":{"line":1,"column":26}},"1":{"start":{"line":2,"column":0},"end":{"line":2,"column":83}},"2":{"start":{"line":3,"column":0},"end":{"line":3,"column":0}},"3":{"start":{"line":4,"column":0},"end":{"line":4,"column":28}},"4":{"start":{"line":5,"column":0},"end":{"line":5,"column":18}},"5":{"start":{"line":6,"column":0},"end":{"line":6,"column":14}},"6":{"start":{"line":7,"column":0},"end":{"line":7,"column":14}},"7":{"start":{"line":8,"column":0},"end":{"line":8,"column":79}},"8":{"start":{"line":9,"column":0},"end":{"line":9,"column":20}},"9":{"start":{"line":10,"column":0},"end":{"line":10,"column":46}},"10":{"start":{"line":11,"column":0},"end":{"line":11,"column":69}},"11":{"start":{"line":12,"column":0},"end":{"line":12,"column":1}},"12":{"start":{"line":13,"column":0},"end":{"line":13,"column":0}},"13":{"start":{"line":14,"column":0},"end":{"line":14,"column":27}},"14":{"start":{"line":15,"column":0},"end":{"line":15,"column":18}},"15":{"start":{"line":16,"column":0},"end":{"line":16,"column":14}},"16":{"start":{"line":17,"column":0},"end":{"line":17,"column":14}},"17":{"start":{"line":18,"column":0},"end":{"line":18,"column":80}},"18":{"start":{"line":19,"column":0},"end":{"line":19,"column":141}},"19":{"start":{"line":20,"column":0},"end":{"line":20,"column":48}},"20":{"start":{"line":21,"column":0},"end":{"line":21,"column":67}},"21":{"start":{"line":22,"column":0},"end":{"line":22,"column":45}},"22":{"start":{"line":23,"column":0},"end":{"line":23,"column":67}},"23":{"start":{"line":24,"column":0},"end":{"line":24,"column":92}},"24":{"start":{"line":25,"column":0},"end":{"line":25,"column":104}},"25":{"start":{"line":26,"column":0},"end":{"line":26,"column":55}},"26":{"start":{"line":27,"column":0},"end":{"line":27,"column":20}},"27":{"start":{"line":28,"column":0},"end":{"line":28,"column":1}}},"s":{"0":1,"1":1,"2":1,"3":155,"4":155,"5":155,"6":155,"7":155,"8":155,"9":155,"10":155,"11":155,"12":1,"13":14,"14":14,"15":14,"16":14,"17":14,"18":14,"19":14,"20":14,"21":14,"22":14,"23":14,"24":14,"25":14,"26":14,"27":14},"branchMap":{"0":{"type":"branch","line":4,"loc":{"start":{"line":4,"column":0},"end":{"line":12,"column":1}},"locations":[{"start":{"line":4,"column":0},"end":{"line":12,"column":1}}]},"1":{"type":"branch","line":11,"loc":{"start":{"line":11,"column":56},"end":{"line":11,"column":60}},"locations":[{"start":{"line":11,"column":56},"end":{"line":11,"column":60}}]},"2":{"type":"branch","line":14,"loc":{"start":{"line":14,"column":0},"end":{"line":28,"column":1}},"locations":[{"start":{"line":14,"column":0},"end":{"line":28,"column":1}}]},"3":{"type":"branch","line":21,"loc":{"start":{"line":21,"column":29},"end":{"line":21,"column":59}},"locations":[{"start":{"line":21,"column":29},"end":{"line":21,"column":59}}]},"4":{"type":"branch","line":21,"loc":{"start":{"line":21,"column":60},"end":{"line":21,"column":66}},"locations":[{"start":{"line":21,"column":60},"end":{"line":21,"column":66}}]},"5":{"type":"branch","line":24,"loc":{"start":{"line":24,"column":35},"end":{"line":24,"column":67}},"locations":[{"start":{"line":24,"column":35},"end":{"line":24,"column":67}}]},"6":{"type":"branch","line":24,"loc":{"start":{"line":24,"column":68},"end":{"line":24,"column":83}},"locations":[{"start":{"line":24,"column":68},"end":{"line":24,"column":83}}]},"7":{"type":"branch","line":24,"loc":{"start":{"line":24,"column":84},"end":{"line":24,"column":91}},"locations":[{"start":{"line":24,"column":84},"end":{"line":24,"column":91}}]}},"b":{"0":[155],"1":[0],"2":[14],"3":[11],"4":[3],"5":[9],"6":[5],"7":[9]},"fnMap":{"0":{"name":"renderValue","decl":{"start":{"line":4,"column":0},"end":{"line":12,"column":1}},"loc":{"start":{"line":4,"column":0},"end":{"line":12,"column":1}},"line":4},"1":{"name":"renderData","decl":{"start":{"line":14,"column":0},"end":{"line":28,"column":1}},"loc":{"start":{"line":14,"column":0},"end":{"line":28,"column":1}},"line":14}},"f":{"0":155,"1":14}}
}
