TN:
SF:src/Cell.tsx
FN:49,attributesRenderer
FN:67,handleMouseDown
FN:71,handleMouseOver
FN:75,handleDoubleClick
FN:79,handleTouchEnd
FN:86,handleContextMenu
FN:91,handleKeyUp
FNF:7
FNH:6
FNDA:172,attributesRenderer
FNDA:21,handleMouseDown
FNDA:13,handleMouseOver
FNDA:11,handleDoubleClick
FNDA:0,handleTouchEnd
FNDA:3,handleContextMenu
FNDA:1,handleKeyUp
DA:1,1
DA:2,1
DA:3,1
DA:4,1
DA:5,1
DA:6,1
DA:7,1
DA:8,1
DA:9,1
DA:10,1
DA:11,1
DA:12,1
DA:13,1
DA:14,1
DA:15,1
DA:16,1
DA:17,1
DA:18,1
DA:19,1
DA:20,1
DA:21,1
DA:22,1
DA:23,1
DA:24,1
DA:25,1
DA:26,1
DA:27,1
DA:28,1
DA:29,1
DA:30,1
DA:31,1
DA:32,1
DA:33,1
DA:34,1
DA:35,1
DA:36,1
DA:37,1
DA:38,1
DA:39,1
DA:40,1
DA:41,1
DA:42,1
DA:43,1
DA:44,1
DA:45,176
DA:46,176
DA:47,176
DA:48,176
DA:49,176
DA:50,176
DA:51,176
DA:52,176
DA:53,176
DA:54,176
DA:55,176
DA:56,176
DA:57,176
DA:58,176
DA:59,176
DA:60,176
DA:61,176
DA:62,176
DA:63,176
DA:64,176
DA:65,176
DA:66,176
DA:67,176
DA:68,21
DA:69,176
DA:70,176
DA:71,176
DA:72,13
DA:73,176
DA:74,176
DA:75,176
DA:76,11
DA:77,176
DA:78,176
DA:79,176
DA:80,0
DA:81,0
DA:82,0
DA:83,0
DA:84,176
DA:85,176
DA:86,176
DA:87,3
DA:88,3
DA:89,176
DA:90,176
DA:91,176
DA:92,1
DA:93,1
DA:94,1
DA:95,176
DA:96,176
DA:97,176
DA:98,176
DA:99,176
DA:100,176
DA:101,176
DA:102,176
DA:103,176
DA:104,176
DA:105,176
DA:106,176
DA:107,176
DA:108,176
DA:109,176
DA:110,176
DA:111,176
DA:112,176
DA:113,176
DA:114,1
DA:115,1
DA:116,1
DA:117,1
DA:118,1
DA:119,1
DA:120,1
DA:121,1
LF:121
LH:117
BRDA:44,0,0,176
BRDA:49,1,0,172
BRDA:49,2,0,4
BRDA:52,3,0,0
BRDA:53,4,0,0
BRDA:54,5,0,0
BRDA:64,6,0,0
BRDA:49,7,0,172
BRDA:67,8,0,21
BRDA:71,9,0,13
BRDA:75,10,0,11
BRDA:86,11,0,3
BRDA:91,12,0,1
BRF:13
BRH:9
end_of_record
TN:
SF:src/DataCell.tsx
FN:34,initialData
FN:44,initialValue
FN:53,widthStyle
FN:199,handleChange
FN:204,handleCommit
FN:218,handleRevert
FN:223,handleKey
FN:241,renderComponent
FN:263,renderEditor
FN:282,renderViewer
FN:313,onMouseDown
FN:322,onMouseOver
FN:331,onDoubleClick
FN:340,onContextMenu
FNF:14
FNH:10
FNDA:14,initialData
FNDA:0,initialValue
FNDA:175,widthStyle
FNDA:1,handleChange
FNDA:0,handleCommit
FNDA:0,handleRevert
FNDA:0,handleKey
FNDA:175,renderComponent
FNDA:161,renderEditor
FNDA:141,renderViewer
FNDA:20,onMouseDown
FNDA:12,onMouseOver
FNDA:10,onDoubleClick
FNDA:2,onContextMenu
DA:1,1
DA:2,1
DA:3,1
DA:4,1
DA:5,1
DA:6,1
DA:7,1
DA:8,1
DA:9,1
DA:10,1
DA:11,1
DA:12,1
DA:13,1
DA:14,1
DA:15,1
DA:16,1
DA:17,1
DA:18,1
DA:19,1
DA:20,1
DA:21,1
DA:22,1
DA:23,1
DA:24,1
DA:25,1
DA:26,1
DA:27,1
DA:28,1
DA:29,1
DA:30,1
DA:31,1
DA:32,1
DA:33,1
DA:34,14
DA:35,14
DA:36,14
DA:37,14
DA:38,14
DA:39,14
DA:40,14
DA:41,14
DA:42,14
DA:43,1
DA:44,0
DA:45,0
DA:46,0
DA:47,0
DA:48,0
DA:49,0
DA:50,0
DA:51,0
DA:52,1
DA:53,175
DA:54,175
DA:55,175
DA:56,175
DA:57,1
DA:58,1
DA:59,1
DA:60,1
DA:61,1
DA:62,1
DA:63,1
DA:64,1
DA:65,1
DA:66,1
DA:67,1
DA:68,1
DA:69,1
DA:70,1
DA:71,1
DA:72,1
DA:73,1
DA:74,1
DA:75,1
DA:76,1
DA:77,1
DA:78,1
DA:79,1
DA:80,1
DA:81,1
DA:82,1
DA:83,1
DA:84,1
DA:85,1
DA:86,1
DA:87,1
DA:88,1
DA:89,1
DA:90,1
DA:91,1
DA:92,1
DA:93,1
DA:94,1
DA:95,1
DA:96,1
DA:97,1
DA:98,1
DA:99,1
DA:100,1
DA:101,1
DA:102,1
DA:103,1
DA:104,1
DA:105,1
DA:106,1
DA:107,1
DA:108,1
DA:109,1
DA:110,1
DA:111,1
DA:112,175
DA:113,175
DA:114,175
DA:115,175
DA:116,175
DA:117,175
DA:118,175
DA:119,175
DA:120,175
DA:121,175
DA:122,175
DA:123,175
DA:124,175
DA:125,175
DA:126,175
DA:127,175
DA:128,175
DA:129,175
DA:130,175
DA:131,175
DA:132,175
DA:133,175
DA:134,175
DA:135,175
DA:136,175
DA:137,175
DA:138,175
DA:139,175
DA:140,175
DA:141,175
DA:142,175
DA:143,175
DA:144,175
DA:145,157
DA:146,12
DA:147,12
DA:148,12
DA:149,12
DA:150,12
DA:151,12
DA:152,12
DA:153,175
DA:154,175
DA:155,175
DA:156,169
DA:157,169
DA:158,169
DA:159,169
DA:160,169
DA:161,169
DA:162,169
DA:163,3
DA:164,169
DA:165,1
DA:166,1
DA:167,169
DA:168,169
DA:169,175
DA:170,175
DA:171,175
DA:172,71
DA:173,71
DA:174,71
DA:175,71
DA:176,71
DA:177,3
DA:178,71
DA:179,3
DA:180,3
DA:181,0
DA:182,0
DA:183,3
DA:184,3
DA:185,3
DA:186,3
DA:187,3
DA:188,71
DA:189,175
DA:190,175
DA:191,175
DA:192,54
DA:193,54
DA:194,0
DA:195,0
DA:196,54
DA:197,175
DA:198,175
DA:199,175
DA:200,1
DA:201,1
DA:202,175
DA:203,175
DA:204,175
DA:205,0
DA:206,0
DA:207,0
DA:208,0
DA:209,0
DA:210,0
DA:211,0
DA:212,0
DA:213,0
DA:214,0
DA:215,0
DA:216,175
DA:217,175
DA:218,175
DA:219,0
DA:220,0
DA:221,175
DA:222,175
DA:223,175
DA:224,0
DA:225,0
DA:226,0
DA:227,0
DA:228,0
DA:229,0
DA:230,0
DA:231,0
DA:232,0
DA:233,0
DA:234,0
DA:235,0
DA:236,0
DA:237,0
DA:238,0
DA:239,175
DA:240,175
DA:241,175
DA:242,175
DA:243,175
DA:244,175
DA:245,34
DA:246,14
DA:247,14
DA:248,34
DA:249,0
DA:250,0
DA:251,0
DA:252,0
DA:253,0
DA:254,0
DA:255,0
DA:256,0
DA:257,0
DA:258,0
DA:259,34
DA:260,161
DA:261,175
DA:262,175
DA:263,175
DA:264,161
DA:265,20
DA:266,20
DA:267,20
DA:268,20
DA:269,20
DA:270,20
DA:271,20
DA:272,20
DA:273,20
DA:274,20
DA:275,20
DA:276,20
DA:277,20
DA:278,20
DA:279,141
DA:280,175
DA:281,175
DA:282,175
DA:283,141
DA:284,141
DA:285,141
DA:286,175
DA:287,175
DA:288,175
DA:289,175
DA:290,175
DA:291,175
DA:292,175
DA:293,175
DA:294,175
DA:295,175
DA:296,175
DA:297,175
DA:298,175
DA:299,175
DA:300,175
DA:301,175
DA:302,175
DA:303,175
DA:304,175
DA:305,175
DA:306,175
DA:307,175
DA:308,175
DA:309,175
DA:310,175
DA:311,175
DA:312,175
DA:313,175
DA:314,20
DA:315,20
DA:316,20
DA:317,20
DA:318,20
DA:319,17
DA:320,17
DA:321,175
DA:322,175
DA:323,12
DA:324,12
DA:325,12
DA:326,12
DA:327,12
DA:328,10
DA:329,10
DA:330,175
DA:331,175
DA:332,10
DA:333,10
DA:334,10
DA:335,10
DA:336,10
DA:337,9
DA:338,9
DA:339,175
DA:340,175
DA:341,2
DA:342,2
DA:343,2
DA:344,2
DA:345,2
DA:346,2
DA:347,2
DA:348,175
DA:349,175
DA:350,175
DA:351,175
DA:352,175
DA:353,175
DA:354,1
DA:355,1
DA:356,1
DA:357,1
DA:358,1
LF:358
LH:308
BRDA:34,0,0,14
BRDA:53,1,0,175
BRDA:54,2,0,17
BRDA:54,3,0,158
BRDA:55,4,0,57
BRDA:55,5,0,118
BRDA:111,6,0,175
BRDA:116,7,0,37
BRDA:116,8,0,138
BRDA:122,9,0,0
BRDA:123,10,0,0
BRDA:124,11,0,37
BRDA:124,12,0,138
BRDA:125,13,0,36
BRDA:125,14,0,139
BRDA:288,15,0,161
BRDA:288,16,0,141
BRDA:294,17,0,57
BRDA:295,18,0,24
BRDA:296,19,0,10
BRDA:297,20,0,3
BRDA:144,21,0,157
BRDA:145,22,0,12
BRDA:147,23,0,1
BRDA:148,24,0,11
BRDA:155,25,0,169
BRDA:159,26,0,16
BRDA:160,27,0,3
BRDA:161,28,0,3
BRDA:162,29,0,3
BRDA:164,30,0,1
BRDA:171,31,0,71
BRDA:173,32,0,17
BRDA:174,33,0,17
BRDA:175,34,0,3
BRDA:176,35,0,3
BRDA:178,36,0,3
BRDA:180,37,0,0
BRDA:183,38,0,3
BRDA:191,39,0,54
BRDA:192,40,0,54
BRDA:193,41,0,0
BRDA:199,42,0,1
BRDA:241,43,0,175
BRDA:244,44,0,24
BRDA:244,45,0,151
BRDA:244,46,0,34
BRDA:245,47,0,14
BRDA:248,48,0,20
BRDA:248,49,0,0
BRDA:260,50,0,161
BRDA:263,51,0,161
BRDA:264,52,0,20
BRDA:265,53,0,10
BRDA:279,54,0,141
BRDA:282,55,0,141
BRDA:283,56,0,18
BRDA:313,57,0,20
BRDA:318,58,0,17
BRDA:322,59,0,12
BRDA:327,60,0,10
BRDA:331,61,0,10
BRDA:336,62,0,9
BRDA:340,63,0,2
BRF:64
BRH:59
end_of_record
TN:
SF:src/DataEditor.tsx
FN:26,handleChange
FNF:1
FNH:1
FNDA:1,handleChange
DA:1,1
DA:2,1
DA:3,1
DA:4,1
DA:5,1
DA:6,1
DA:7,1
DA:8,1
DA:9,1
DA:10,1
DA:11,1
DA:12,1
DA:13,1
DA:14,1
DA:15,1
DA:16,1
DA:17,1
DA:18,1
DA:19,20
DA:20,20
DA:21,20
DA:22,20
DA:23,10
DA:24,20
DA:25,20
DA:26,20
DA:27,1
DA:28,20
DA:29,20
DA:30,20
DA:31,20
DA:32,20
DA:33,20
DA:34,20
DA:35,20
DA:36,20
DA:37,20
DA:38,20
DA:39,20
DA:40,1
DA:41,1
DA:42,1
DA:43,1
DA:44,1
LF:44
LH:44
BRDA:18,0,0,20
BRDA:35,1,0,0
BRDA:22,2,0,10
BRDA:23,3,0,0
BRDA:26,4,0,1
BRF:5
BRH:3
end_of_record
TN:
SF:src/DataSheet.tsx
FN:39,isEmpty
FN:42,range
FN:51,defaultParsePaste
FN:117,isSelectionControlled
FN:121,getCurrentState
FN:155,isCellNavigable
FN:912,boundAttributesRenderer
FN:935,onContextMenu
FNF:8
FNH:4
FNDA:559,isEmpty
FNDA:0,range
FNDA:0,defaultParsePaste
FNDA:217,isSelectionControlled
FNDA:181,getCurrentState
FNDA:0,isCellNavigable
FNDA:4,boundAttributesRenderer
FNDA:0,onContextMenu
DA:1,1
DA:2,1
DA:3,1
DA:4,1
DA:5,1
DA:6,1
DA:7,1
DA:8,1
DA:9,1
DA:10,1
DA:11,1
DA:12,1
DA:13,1
DA:14,1
DA:15,1
DA:16,1
DA:17,1
DA:18,1
DA:19,1
DA:20,1
DA:21,1
DA:22,1
DA:23,1
DA:24,1
DA:25,1
DA:26,1
DA:27,1
DA:28,1
DA:29,1
DA:30,1
DA:31,1
DA:32,1
DA:33,1
DA:34,1
DA:35,1
DA:36,1
DA:37,1
DA:38,1
DA:39,1
DA:40,559
DA:41,1
DA:42,1
DA:43,0
DA:44,0
DA:45,0
DA:46,0
DA:47,0
DA:48,0
DA:49,0
DA:50,1
DA:51,1
DA:52,0
DA:53,0
DA:54,1
DA:55,1
DA:56,1
DA:57,1
DA:58,1
DA:59,1
DA:60,1
DA:61,1
DA:62,1
DA:63,1
DA:64,1
DA:65,1
DA:66,1
DA:67,1
DA:68,1
DA:69,1
DA:70,1
DA:71,1
DA:72,1
DA:73,1
DA:74,1
DA:75,1
DA:76,1
DA:77,1
DA:78,1
DA:79,1
DA:80,1
DA:81,1
DA:82,1
DA:83,1
DA:84,1
DA:85,1
DA:86,1
DA:87,1
DA:88,1
DA:89,1
DA:90,1
DA:91,1
DA:92,1
DA:93,1
DA:94,1
DA:95,1
DA:96,1
DA:97,1
DA:98,1
DA:99,1
DA:100,1
DA:101,1
DA:102,1
DA:103,1
DA:104,1
DA:105,1
DA:106,1
DA:107,1
DA:108,1
DA:109,1
DA:110,1
DA:111,1
DA:112,1
DA:113,1
DA:114,1
DA:115,1
DA:116,1
DA:117,1
DA:118,217
DA:119,1
DA:120,1
DA:121,1
DA:122,181
DA:123,181
DA:124,181
DA:125,181
DA:126,181
DA:127,0
DA:128,0
DA:129,0
DA:130,0
DA:131,0
DA:132,0
DA:133,181
DA:134,181
DA:135,1
DA:136,1
DA:137,1
DA:138,1
DA:139,1
DA:140,1
DA:141,1
DA:142,49
DA:143,49
DA:144,49
DA:145,49
DA:146,49
DA:147,49
DA:148,49
DA:149,49
DA:150,49
DA:151,49
DA:152,49
DA:153,49
DA:154,49
DA:155,49
DA:156,49
DA:157,49
DA:158,49
DA:159,49
DA:160,49
DA:161,49
DA:162,49
DA:163,49
DA:164,49
DA:165,49
DA:166,49
DA:167,49
DA:168,49
DA:169,49
DA:170,49
DA:171,49
DA:172,49
DA:173,49
DA:174,49
DA:175,49
DA:176,49
DA:177,49
DA:178,49
DA:179,49
DA:180,36
DA:181,36
DA:182,36
DA:183,36
DA:184,0
DA:185,0
DA:186,0
DA:187,0
DA:188,0
DA:189,0
DA:190,36
DA:191,36
DA:192,0
DA:193,0
DA:194,0
DA:195,0
DA:196,0
DA:197,0
DA:198,0
DA:199,0
DA:200,0
DA:201,0
DA:202,0
DA:203,0
DA:204,0
DA:205,0
DA:206,0
DA:207,0
DA:208,0
DA:209,0
DA:210,0
DA:211,0
DA:212,0
DA:213,0
DA:214,0
DA:215,0
DA:216,36
DA:217,36
DA:218,0
DA:219,0
DA:220,0
DA:221,0
DA:222,0
DA:223,0
DA:224,0
DA:225,0
DA:226,0
DA:227,0
DA:228,0
DA:229,36
DA:230,36
DA:231,36
DA:232,49
DA:233,49
DA:234,49
DA:235,49
DA:236,49
DA:237,49
DA:238,49
DA:239,49
DA:240,49
DA:241,49
DA:242,49
DA:243,7
DA:244,49
DA:245,49
DA:246,49
DA:247,49
DA:248,49
DA:249,49
DA:250,7
DA:251,7
DA:252,7
DA:253,49
DA:254,49
DA:255,49
DA:256,49
DA:257,49
DA:258,49
DA:259,0
DA:260,0
DA:261,0
DA:262,0
DA:263,0
DA:264,0
DA:265,0
DA:266,0
DA:267,0
DA:268,0
DA:269,0
DA:270,0
DA:271,0
DA:272,0
DA:273,0
DA:274,0
DA:275,0
DA:276,0
DA:277,0
DA:278,0
DA:279,0
DA:280,0
DA:281,0
DA:282,0
DA:283,0
DA:284,0
DA:285,0
DA:286,0
DA:287,0
DA:288,0
DA:289,0
DA:290,0
DA:291,0
DA:292,0
DA:293,0
DA:294,0
DA:295,0
DA:296,0
DA:297,0
DA:298,0
DA:299,0
DA:300,0
DA:301,0
DA:302,0
DA:303,0
DA:304,0
DA:305,0
DA:306,0
DA:307,0
DA:308,0
DA:309,0
DA:310,0
DA:311,0
DA:312,0
DA:313,0
DA:314,0
DA:315,0
DA:316,0
DA:317,0
DA:318,0
DA:319,0
DA:320,0
DA:321,0
DA:322,0
DA:323,0
DA:324,0
DA:325,49
DA:326,49
DA:327,49
DA:328,49
DA:329,49
DA:330,49
DA:331,49
DA:332,49
DA:333,49
DA:334,0
DA:335,0
DA:336,0
DA:337,0
DA:338,0
DA:339,0
DA:340,0
DA:341,0
DA:342,0
DA:343,0
DA:344,0
DA:345,0
DA:346,0
DA:347,0
DA:348,0
DA:349,0
DA:350,0
DA:351,0
DA:352,0
DA:353,0
DA:354,0
DA:355,0
DA:356,0
DA:357,0
DA:358,0
DA:359,0
DA:360,0
DA:361,0
DA:362,0
DA:363,0
DA:364,0
DA:365,0
DA:366,0
DA:367,0
DA:368,0
DA:369,0
DA:370,0
DA:371,0
DA:372,0
DA:373,0
DA:374,0
DA:375,0
DA:376,0
DA:377,0
DA:378,0
DA:379,0
DA:380,0
DA:381,0
DA:382,49
DA:383,49
DA:384,49
DA:385,49
DA:386,49
DA:387,49
DA:388,49
DA:389,49
DA:390,49
DA:391,49
DA:392,49
DA:393,49
DA:394,49
DA:395,49
DA:396,0
DA:397,0
DA:398,0
DA:399,0
DA:400,0
DA:401,0
DA:402,0
DA:403,0
DA:404,0
DA:405,0
DA:406,0
DA:407,0
DA:408,0
DA:409,0
DA:410,0
DA:411,0
DA:412,0
DA:413,0
DA:414,0
DA:415,0
DA:416,49
DA:417,49
DA:418,49
DA:419,49
DA:420,49
DA:421,49
DA:422,0
DA:423,0
DA:424,0
DA:425,0
DA:426,0
DA:427,0
DA:428,0
DA:429,0
DA:430,0
DA:431,0
DA:432,0
DA:433,0
DA:434,0
DA:435,0
DA:436,0
DA:437,0
DA:438,0
DA:439,0
DA:440,49
DA:441,49
DA:442,49
DA:443,49
DA:444,49
DA:445,49
DA:446,49
DA:447,49
DA:448,49
DA:449,49
DA:450,49
DA:451,49
DA:452,49
DA:453,49
DA:454,49
DA:455,0
DA:456,0
DA:457,0
DA:458,0
DA:459,0
DA:460,0
DA:461,0
DA:462,0
DA:463,0
DA:464,0
DA:465,0
DA:466,0
DA:467,0
DA:468,0
DA:469,0
DA:470,0
DA:471,0
DA:472,0
DA:473,0
DA:474,0
DA:475,0
DA:476,0
DA:477,0
DA:478,0
DA:479,0
DA:480,0
DA:481,0
DA:482,0
DA:483,0
DA:484,0
DA:485,0
DA:486,0
DA:487,0
DA:488,0
DA:489,0
DA:490,0
DA:491,0
DA:492,0
DA:493,0
DA:494,0
DA:495,0
DA:496,0
DA:497,0
DA:498,0
DA:499,0
DA:500,0
DA:501,0
DA:502,0
DA:503,0
DA:504,0
DA:505,0
DA:506,0
DA:507,0
DA:508,0
DA:509,0
DA:510,0
DA:511,0
DA:512,0
DA:513,0
DA:514,0
DA:515,0
DA:516,0
DA:517,0
DA:518,0
DA:519,0
DA:520,0
DA:521,0
DA:522,0
DA:523,0
DA:524,0
DA:525,0
DA:526,0
DA:527,0
DA:528,0
DA:529,0
DA:530,0
DA:531,0
DA:532,0
DA:533,0
DA:534,0
DA:535,0
DA:536,0
DA:537,0
DA:538,0
DA:539,0
DA:540,0
DA:541,0
DA:542,49
DA:543,49
DA:544,49
DA:545,49
DA:546,49
DA:547,49
DA:548,49
DA:549,49
DA:550,49
DA:551,49
DA:552,49
DA:553,49
DA:554,49
DA:555,49
DA:556,49
DA:557,0
DA:558,0
DA:559,0
DA:560,0
DA:561,0
DA:562,0
DA:563,0
DA:564,0
DA:565,0
DA:566,0
DA:567,0
DA:568,0
DA:569,0
DA:570,0
DA:571,0
DA:572,0
DA:573,0
DA:574,0
DA:575,0
DA:576,0
DA:577,0
DA:578,0
DA:579,0
DA:580,0
DA:581,0
DA:582,0
DA:583,0
DA:584,0
DA:585,0
DA:586,0
DA:587,0
DA:588,0
DA:589,0
DA:590,0
DA:591,0
DA:592,0
DA:593,0
DA:594,0
DA:595,0
DA:596,0
DA:597,0
DA:598,0
DA:599,0
DA:600,0
DA:601,0
DA:602,0
DA:603,0
DA:604,0
DA:605,0
DA:606,0
DA:607,0
DA:608,0
DA:609,49
DA:610,49
DA:611,49
DA:612,49
DA:613,49
DA:614,49
DA:615,0
DA:616,0
DA:617,0
DA:618,0
DA:619,0
DA:620,0
DA:621,0
DA:622,0
DA:623,0
DA:624,0
DA:625,0
DA:626,0
DA:627,0
DA:628,0
DA:629,0
DA:630,0
DA:631,0
DA:632,0
DA:633,0
DA:634,0
DA:635,0
DA:636,0
DA:637,0
DA:638,0
DA:639,0
DA:640,0
DA:641,0
DA:642,0
DA:643,0
DA:644,0
DA:645,0
DA:646,0
DA:647,0
DA:648,0
DA:649,0
DA:650,0
DA:651,0
DA:652,0
DA:653,0
DA:654,0
DA:655,0
DA:656,0
DA:657,0
DA:658,0
DA:659,0
DA:660,0
DA:661,0
DA:662,0
DA:663,0
DA:664,0
DA:665,0
DA:666,0
DA:667,0
DA:668,0
DA:669,0
DA:670,0
DA:671,0
DA:672,0
DA:673,0
DA:674,0
DA:675,0
DA:676,0
DA:677,0
DA:678,0
DA:679,0
DA:680,0
DA:681,0
DA:682,0
DA:683,0
DA:684,0
DA:685,0
DA:686,0
DA:687,0
DA:688,0
DA:689,0
DA:690,0
DA:691,0
DA:692,0
DA:693,0
DA:694,0
DA:695,0
DA:696,0
DA:697,49
DA:698,49
DA:699,49
DA:700,49
DA:701,49
DA:702,49
DA:703,49
DA:704,49
DA:705,49
DA:706,49
DA:707,49
DA:708,49
DA:709,49
DA:710,49
DA:711,49
DA:712,49
DA:713,18
DA:714,18
DA:715,18
DA:716,18
DA:717,0
DA:718,0
DA:719,0
DA:720,0
DA:721,0
DA:722,0
DA:723,0
DA:724,49
DA:725,49
DA:726,49
DA:727,49
DA:728,49
DA:729,18
DA:730,15
DA:731,15
DA:732,49
DA:733,49
DA:734,49
DA:735,49
DA:736,49
DA:737,49
DA:738,49
DA:739,49
DA:740,49
DA:741,49
DA:742,49
DA:743,49
DA:744,49
DA:745,49
DA:746,49
DA:747,49
DA:748,49
DA:749,49
DA:750,49
DA:751,49
DA:752,49
DA:753,49
DA:754,49
DA:755,49
DA:756,49
DA:757,49
DA:758,49
DA:759,49
DA:760,49
DA:761,49
DA:762,49
DA:763,49
DA:764,49
DA:765,49
DA:766,49
DA:767,49
DA:768,49
DA:769,49
DA:770,49
DA:771,49
DA:772,49
DA:773,49
DA:774,49
DA:775,49
DA:776,49
DA:777,49
DA:778,49
DA:779,49
DA:780,15
DA:781,15
DA:782,15
DA:783,15
DA:784,15
DA:785,15
DA:786,15
DA:787,15
DA:788,15
DA:789,15
DA:790,15
DA:791,15
DA:792,15
DA:793,15
DA:794,15
DA:795,15
DA:796,15
DA:797,49
DA:798,49
DA:799,49
DA:800,49
DA:801,49
DA:802,49
DA:803,8
DA:804,0
DA:805,0
DA:806,49
DA:807,49
DA:808,49
DA:809,49
DA:810,49
DA:811,49
DA:812,7
DA:813,7
DA:814,6
DA:815,6
DA:816,6
DA:817,6
DA:818,6
DA:819,6
DA:820,49
DA:821,49
DA:822,49
DA:823,49
DA:824,49
DA:825,49
DA:826,0
DA:827,0
DA:828,0
DA:829,0
DA:830,0
DA:831,0
DA:832,0
DA:833,0
DA:834,49
DA:835,49
DA:836,49
DA:837,49
DA:838,49
DA:839,49
DA:840,0
DA:841,0
DA:842,0
DA:843,0
DA:844,0
DA:845,0
DA:846,0
DA:847,0
DA:848,0
DA:849,0
DA:850,0
DA:851,0
DA:852,0
DA:853,0
DA:854,0
DA:855,0
DA:856,0
DA:857,0
DA:858,0
DA:859,0
DA:860,0
DA:861,0
DA:862,0
DA:863,0
DA:864,0
DA:865,49
DA:866,49
DA:867,49
DA:868,49
DA:869,49
DA:870,0
DA:871,49
DA:872,49
DA:873,49
DA:874,49
DA:875,49
DA:876,49
DA:877,49
DA:878,49
DA:879,49
DA:880,49
DA:881,49
DA:882,49
DA:883,49
DA:884,49
DA:885,49
DA:886,49
DA:887,49
DA:888,49
DA:889,132
DA:890,132
DA:891,132
DA:892,92
DA:893,92
DA:894,92
DA:895,92
DA:896,132
DA:897,49
DA:898,49
DA:899,49
DA:900,49
DA:901,49
DA:902,49
DA:903,49
DA:904,49
DA:905,49
DA:906,49
DA:907,49
DA:908,49
DA:909,49
DA:910,132
DA:911,132
DA:912,132
DA:913,132
DA:914,132
DA:915,132
DA:916,132
DA:917,132
DA:918,132
DA:919,132
DA:920,132
DA:921,132
DA:922,132
DA:923,132
DA:924,132
DA:925,132
DA:926,132
DA:927,132
DA:928,132
DA:929,132
DA:930,132
DA:931,132
DA:932,132
DA:933,132
DA:934,132
DA:935,132
DA:936,132
DA:937,132
DA:938,132
DA:939,132
DA:940,49
DA:941,49
DA:942,49
DA:943,49
DA:944,49
DA:945,49
DA:946,1
DA:947,1
DA:948,1
DA:949,1
DA:950,1
LF:950
LH:478
BRDA:39,0,0,559
BRDA:117,1,0,217
BRDA:121,2,0,181
BRDA:126,3,0,0
BRDA:141,4,0,49
BRDA:149,5,0,0
BRDA:150,6,0,0
BRDA:151,7,0,0
BRDA:152,8,0,0
BRDA:153,9,0,0
BRDA:154,10,0,0
BRDA:155,11,0,0
BRDA:156,12,0,0
BRDA:238,13,0,0
BRDA:179,14,0,36
BRDA:180,15,0,36
BRDA:183,16,0,0
BRDA:183,17,0,0
BRDA:191,18,0,0
BRDA:217,19,0,0
BRDA:217,20,0,0
BRDA:242,21,0,7
BRDA:249,22,0,7
BRDA:250,23,0,0
BRDA:251,24,0,0
BRDA:252,25,0,0
BRDA:712,26,0,18
BRDA:713,27,0,0
BRDA:716,28,0,0
BRDA:728,29,0,18
BRDA:729,30,0,15
BRDA:735,31,0,49
BRDA:755,32,0,49
BRDA:779,33,0,15
BRDA:785,34,0,0
BRDA:802,35,0,8
BRDA:803,36,0,0
BRDA:811,37,0,7
BRDA:813,38,0,6
BRDA:876,39,0,148
BRDA:877,40,0,22
BRDA:882,41,0,132
BRDA:883,42,0,0
BRDA:888,43,0,132
BRDA:890,44,0,92
BRDA:891,45,0,40
BRDA:891,46,0,92
BRDA:896,47,0,67
BRDA:896,48,0,55
BRDA:907,49,0,66
BRDA:908,50,0,2
BRDA:908,51,0,64
BRDA:909,52,0,132
BRDA:912,53,0,4
BRDA:913,54,0,128
BRDA:917,55,0,0
BRDA:917,56,0,115
BRDA:921,57,0,16
BRDA:912,58,0,4
BRF:59
BRH:35
end_of_record
TN:
SF:src/Row.tsx
FNF:0
FNH:0
DA:1,1
DA:2,1
DA:3,1
DA:4,1
DA:5,1
DA:6,1
DA:7,1
DA:8,1
DA:9,1
DA:10,1
DA:11,1
DA:12,1
DA:13,1
DA:14,1
DA:15,66
DA:16,66
DA:17,1
DA:18,1
DA:19,1
DA:20,1
DA:21,1
DA:22,1
DA:23,1
DA:24,1
DA:25,1
DA:26,1
DA:27,1
DA:28,1
LF:28
LH:28
BRDA:14,0,0,66
BRF:1
BRH:1
end_of_record
TN:
SF:src/Sheet.tsx
FNF:0
FNH:0
DA:1,1
DA:2,1
DA:3,1
DA:4,1
DA:5,1
DA:6,1
DA:7,1
DA:8,1
DA:9,1
DA:10,1
DA:11,1
DA:12,49
DA:13,49
DA:14,49
DA:15,49
DA:16,49
DA:17,1
DA:18,1
DA:19,1
DA:20,1
DA:21,1
DA:22,1
DA:23,1
DA:24,1
DA:25,1
DA:26,1
DA:27,1
DA:28,1
LF:28
LH:28
BRDA:11,0,0,49
BRF:1
BRH:1
end_of_record
TN:
SF:src/ValueViewer.tsx
FNF:0
FNH:0
DA:1,1
DA:2,1
DA:3,1
DA:4,1
DA:5,1
DA:6,1
DA:7,1
DA:8,1
DA:9,1
DA:10,1
DA:11,1
DA:12,1
DA:13,1
DA:14,1
DA:15,1
DA:16,53
DA:17,1
DA:18,1
DA:19,1
DA:20,1
DA:21,1
DA:22,1
DA:23,1
DA:24,1
DA:25,1
DA:26,1
DA:27,1
DA:28,1
DA:29,1
LF:29
LH:29
BRDA:15,0,0,53
BRF:1
BRH:1
end_of_record
TN:
SF:src/keys.ts
FNF:0
FNH:0
DA:1,1
DA:2,1
DA:3,1
DA:4,1
DA:5,1
DA:6,1
DA:7,1
DA:8,1
DA:9,1
DA:10,1
LF:10
LH:10
BRF:0
BRH:0
end_of_record
TN:
SF:src/renderHelpers.ts
FN:4,renderValue
FN:14,renderData
FNF:2
FNH:2
FNDA:155,renderValue
FNDA:14,renderData
DA:1,1
DA:2,1
DA:3,1
DA:4,155
DA:5,155
DA:6,155
DA:7,155
DA:8,155
DA:9,155
DA:10,155
DA:11,155
DA:12,155
DA:13,1
DA:14,14
DA:15,14
DA:16,14
DA:17,14
DA:18,14
DA:19,14
DA:20,14
DA:21,14
DA:22,14
DA:23,14
DA:24,14
DA:25,14
DA:26,14
DA:27,14
DA:28,14
LF:28
LH:28
BRDA:4,0,0,155
BRDA:11,1,0,0
BRDA:14,2,0,14
BRDA:21,3,0,11
BRDA:21,4,0,3
BRDA:24,5,0,9
BRDA:24,6,0,5
BRDA:24,7,0,9
BRF:8
BRH:7
end_of_record
